1.0416001
0.9920002
0.94250023
0.8932003
0.84420013
0.7956003
0.7475002
0.7000001
7.492795
7.241595
6.990495
6.739595
6.4889946
6.238796
5.989096
5.7399964
20.497574
19.839975
19.182476
18.525179
17.86818
17.21158
16.555481
15.8999815
40.055946
38.78715
37.51845
36.24995
34.98176
33.713955
32.446655
31.179962
66.16791
64.08311
61.998417
59.913918
57.829716
55.745922
53.66263
51.579933
98.83345
95.72786
92.62236
89.51707
86.41208
83.30747
80.20338
77.099884
138.05261
133.72137
129.39032
125.05942
120.72881
116.398636
112.068954
107.73984
183.82532
178.06377
172.30225
166.54097
160.77997
155.01935
149.25926
143.49979
236.15161
228.75485
221.35815
213.96165
206.56546
199.16968
191.77438
184.37971
295.0316
285.79477
276.55804
267.32156
258.0854
248.84961
239.61433
230.37965
360.46503
349.1834
337.90195
326.62067
315.3397
304.05914
292.77902
281.49954
432.4521
418.92087
405.3899
391.85895
378.32837
364.79822
351.26855
337.7395
510.993
495.0074
479.02194
463.0366
447.0516
431.06708
415.083
399.09946
596.0891
577.4442
558.7995
540.15497
521.5108
502.86688
484.22357
465.58084
687.7393
666.2304
644.7217
623.213
601.7048
580.1968
558.68945
537.1827
785.9435
761.36566
736.7881
712.21063
687.6333
663.0565
638.4803
613.90454
890.7016
862.85004
834.9986
807.1475
779.29663
751.4462
723.59625
695.7468
1002.01355
970.68353
939.3536
908.0241
876.6946
845.3655
814.0371
782.70917
1119.8794
1084.8661
1049.8529
1014.83984
979.8273
944.81506
909.80316
874.79205
1244.299
1205.3975
1166.4965
1127.5955
1088.6946
1049.7942
1010.89417
971.9948
1375.2725
1332.2784
1289.2844
1246.2902
1203.2965
1160.3031
1117.3103
1074.3181
1512.8
1465.5083
1418.2163
1370.9243
1323.633
1276.3419
1229.0515
1181.7614
1656.8816
1605.0868
1553.2926
1501.4983
1449.7042
1397.9106
1346.1176
1294.3252
1807.5171
1751.0154
1694.5135
1638.0117
1581.5104
1525.0093
1468.5085
1412.009
1964.7063
1903.2926
1841.8784
1780.4641
1719.0509
1657.6378
1596.225
1534.813
2128.449
2061.9182
1995.3872
1928.8564
1862.3259
1795.796
1729.266
1662.7372
2298.7463
2226.8933
2155.041
2083.1882
2011.3356
1939.484
1867.6323
1795.7817
2475.5974
2398.2178
2320.8389
2243.4592
2166.0803
2088.702
2011.324
1933.9465
2659.0022
2575.8914
2492.7805
2409.67
2326.5596
2243.4495
2160.3403
2077.2317
2848.9607
2759.9136
2670.8667
2581.82
2492.7737
2403.7273
2314.6816
2225.6367
3045.4734
2950.2854
2855.098
2759.9094
2664.722
2569.5352
2474.348
2379.1624
3248.5396
3147.0063
3045.4724
2943.9387
2842.4058
2740.872
2639.3403
2537.808
3458.161
3350.0762
3241.9912
3133.9072
3025.8232
2917.7395
2809.6565
2701.5742
3674.3342
3559.4946
3444.6548
3329.8154
3214.9753
3100.1367
2985.2983
2870.4604
3897.0635
3775.2625
3653.4626
3531.6626
3409.8633
3288.0635
3166.2654
3044.4663
4126.345
3997.3796
3868.4148
3739.45
3610.4849
3481.5203
3352.5564
3223.5935
4362.1816
4225.846
4089.5107
3953.1763
3816.8413
3680.5068
3544.1733
3407.841
4604.5713
4460.6616
4316.7515
4172.8413
4028.9329
3885.0237
3741.1157
3597.2075
4853.515
4701.8257
4550.1367
4398.4463
4246.7583
4095.0708
3943.382
3791.6948
5109.013
4949.339
4789.666
4629.9927
4470.319
4310.6465
4150.9736
3991.3027
5371.064
5203.202
5035.34
4867.476
4699.6143
4531.753
4363.891
4196.0303
5639.6704
5463.4136
5287.1562
5110.9004
4934.6445
4758.388
4582.133
4405.879
5914.8286
5729.9746
5545.1187
5360.2637
5175.4097
4990.554
4805.701
4620.846
6196.543
6002.884
5809.2246
5615.5654
5421.908
5228.249
5034.593
4840.935
6484.809
6282.143
6079.475
5876.808
5674.1416
5471.4746
5268.809
5066.144
6779.6304
6567.751
6355.87
6143.9897
5932.1104
5720.23
5508.3516
5296.473
7081.006
6859.7075
6638.41
6417.112
6195.812
5974.5156
5753.218
5531.9233
7388.9346
7158.0137
6927.092
6696.1714
6465.251
6234.33
6003.411
5772.4917
7703.4175
7462.67
7221.9214
6981.172
6740.4224
6499.676
6258.9272
6018.1807
8024.454
7773.6733
7522.8926
7272.1104
7021.3306
6770.551
6519.7705
6268.9907
8352.045
8091.0273
7830.008
7568.99
7307.972
7046.9536
6785.9375
6524.9224
8686.189
8414.73
8143.268
7871.809
7600.349
7328.8896
7057.43
6785.9717
9026.889
8744.78
8462.674
8180.5674
7898.46
7616.3535
7334.249
7052.144
9374.141
9081.182
8788.223
8495.265
8202.306
7909.3486
7616.391
7323.4336
9727.946
9423.931
9119.917
8815.902
8511.885
8207.872
7903.8564
7599.845
10088.307
9773.029
9457.754
9142.478
8827.2
8511.925
8196.65
7881.376
10455.224
10128.478
9801.736
9474.993
9148.251
8821.508
8494.769
8168.028
10828.688
10490.275
10151.862
9813.45
9475.036
9136.623
8798.211
8459.799
11208.712
10858.422
10508.131
10157.843
9807.556
9457.268
9106.9795
8756.69
11595.286
11232.915
10870.548
10508.178
10145.81
9783.441
9421.071
9058.702
11988.418
11613.761
11239.107
10864.451
10489.797
10115.144
9740.49
9365.837
12388.099
12000.954
11613.811
11226.664
10839.52
10452.378
10065.232
9678.089
12794.337
12394.497
11994.657
11594.817
11194.979
10795.138
10395.3
9995.463
13207.128
12794.387
12381.65
11968.909
11556.171
11143.432
10730.692
10317.955
13626.473
13200.631
12774.784
12348.942
11923.098
11497.254
11071.41
10645.569
14052.375
13613.219
13174.065
12734.914
12295.757
11856.606
11417.455
10978.303
14484.825
14032.158
13579.489
13126.824
12674.155
12221.489
11768.82
11316.157
14923.833
14457.447
13991.059
13524.674
13058.286
12591.899
12125.516
11659.132
15369.395
14889.083
14408.773
13928.461
13448.153
12967.843
12487.533
12007.223
15821.51
15327.068
14832.632
14338.191
13843.754
13349.314
12854.878
12360.44
16280.178
15771.405
15262.634
14753.857
14245.087
13736.317
13227.546
12718.773
16745.398
16222.09
15698.778
15175.469
14652.159
14128.849
13605.538
13082.2295
17217.176
16679.123
16141.069
15603.016
15064.962
14526.907
13988.857
13450.806
17695.508
17142.506
16589.502
16036.502
15483.501
14930.501
14377.501
13824.502
18180.393
17612.238
17044.082
16475.928
15907.772
15339.621
14771.47
14203.316
18671.828
18088.318
17504.805
16921.295
16337.782
15754.271
15170.763
14587.254
19169.824
18570.746
17971.676
17372.6
16773.525
16174.455
15575.381
14976.309
19674.365
19059.527
18444.684
17829.846
17215.004
16600.164
15985.324
15370.483
20185.467
19554.652
18923.842
18293.03
17662.217
17031.404
16400.594
15769.781
20703.121
20056.129
19409.143
18762.15
18115.162
17468.176
16821.184
16174.199
21227.33
20563.955
19900.59
19237.213
18573.844
17910.477
17247.105
16583.736
21758.086
21078.129
20398.176
19718.219
19038.26
18358.305
17678.35
16998.395
22295.404
21598.656
20901.906
20205.16
19508.412
18811.664
18114.918
17418.172
22839.277
22125.527
21411.79
20698.041
19984.297
19270.557
18556.812
17843.07
23389.697
22658.75
21927.807
21196.86
20465.916
19734.973
19004.031
18273.088
23946.672
23198.328
22449.973
21701.625
20953.271
20204.924
19456.576
18708.225
24510.203
23744.246
22978.28
22212.324
21446.361
20680.402
19914.443
19148.484
25080.293
24296.518
23512.74
22728.963
21945.19
21161.412
20377.637
19593.861
25656.93
24855.13
24053.34
23251.54
22449.748
21647.951
20846.154
20044.365
26240.125
25420.105
24600.084
23780.062
22960.041
22140.02
21320.0
20499.98
26829.873
25991.418
25152.969
24314.518
23476.066
22637.62
21799.172
20960.72
27426.17
26569.082
25712.002
24854.912
23997.834
23140.75
22283.664
21426.582
28029.023
27153.102
26277.176
25401.252
24525.334
23649.406
22773.48
21897.56
28638.43
27743.465
26848.494
25953.527
25058.562
24163.59
23268.627
22373.66
29254.39
28340.18
27425.959
26511.748
25597.527
24683.309
23769.096
22854.883
29876.91
28943.238
28009.566
27075.898
26142.227
25208.56
24274.893
23341.225
30505.98
29552.648
28599.322
27645.992
26692.664
25739.34
24786.01
23832.682
31141.605
30168.414
29195.22
28222.03
27248.84
26275.648
25302.453
24329.264
31783.78
30790.521
29797.258
28804.004
27810.738
26817.484
25824.225
24830.969
32432.518
31418.979
30405.451
29391.916
28378.38
27364.85
26351.316
25337.79
33087.742
32053.73
31019.723
29985.709
28951.701
27917.695
26883.688
25849.682
33749.45
32694.764
31640.074
30585.393
29530.705
28476.016
27421.334
26366.645
34417.71
33342.15
32266.57
31191.006
30115.434
29039.865
27964.295
26888.723
35092.53
33995.875
32899.22
31802.557
30705.898
29609.238
28512.578
27415.922
35773.89
34655.945
33537.992
32420.045
31302.088
30184.14
29066.191
27948.242
36461.812
35322.367
34182.914
33043.47
31904.021
30764.576
29625.123
28485.676
37156.29
35995.125
34833.984
33672.832
32511.68
31350.533
30189.38
29028.232
37857.305
36674.242
35491.19
34308.13
33125.07
31942.018
30758.96
29575.902
38564.875
37359.703
36154.54
34949.367
33744.2
32539.031
31333.863
30128.695
39279.004
38051.516
36824.035
35596.547
34369.062
33141.57
31914.086
30686.607
39999.676
38749.668
37499.656
36249.65
34999.65
33749.637
32499.633
31249.63
40726.895
39454.164
38181.43
36908.7
35635.97
34363.234
33090.51
31817.777
41460.676
40165.008
38869.348
37573.688
36278.023
34982.363
33686.7
32391.04
42201.008
40882.203
39563.414
38244.605
36925.812
35607.016
34288.215
32969.42
42947.887
41605.746
40263.61
38921.47
37579.332
36237.195
34895.06
33552.918
43701.32
42335.637
40969.945
39604.27
38238.582
36872.902
35507.223
34141.54
44461.297
43071.867
41682.434
40293.008
38903.58
37514.14
36124.707
34735.273
45227.83
43814.453
42401.055
40987.684
39574.285
38160.902
36747.52
35334.13
46000.918
44563.37
43125.832
41688.28
40250.74
38813.195
37375.65
35938.105
46780.56
45318.65
43856.742
42394.83
40932.92
39471.016
38009.105
36547.19
47566.746
46080.27
44593.793
43107.312
41620.844
40134.36
38647.887
37161.414
48359.484
46848.234
45336.99
43825.73
42314.48
40803.234
39291.98
37780.74
49158.773
47622.547
46086.32
44550.098
43013.86
41477.637
39941.41
38405.18
49964.617
48403.215
46841.797
45280.39
43718.977
42157.566
40596.156
39034.75
50777.02
49190.215
47603.414
46016.625
44429.82
42843.02
41256.227
39669.43
51595.97
49983.58
48371.188
46758.797
45146.4
43534.01
41921.617
40309.23
52421.453
50783.27
49145.08
47506.89
45868.71
44230.523
42592.332
40954.15
53253.504
51589.32
49925.13
48260.938
46596.75
44932.566
43268.38
41604.19
54092.105
52401.707
50711.316
49020.918
47330.527
45640.137
43949.734
42259.35
54937.266
53220.445
51503.65
49786.836
48070.035
46353.227
44636.42
42919.62
55788.96
54045.54
52302.117
50558.69
48815.277
47071.855
45328.434
43585.01
56647.215
54876.973
53106.73
51336.49
49566.25
47796.01
46025.77
44255.523
57512.016
55714.75
53917.484
52120.215
50322.95
48525.688
46728.42
44931.15
58383.37
56558.88
54734.38
52909.89
51085.387
49260.9
47436.395
45611.9
59261.285
57409.35
55557.418
53705.49
51853.56
50001.62
48149.7
46297.766
60145.746
58266.18
56386.6
54507.03
52627.453
50747.887
48868.32
46988.75
61036.746
59129.34
57221.92
55314.508
53407.09
51499.676
49592.266
47684.855
61934.312
59998.855
58063.387
56127.93
54192.46
52257.0
50321.535
48386.07
62838.44
60874.715
58911.004
56947.277
54983.56
53019.848
51056.13
49092.414
63749.105
61756.918
59764.75
57772.566
55780.395
53788.22
51796.035
49803.875
64666.316
62645.473
60624.633
58603.793
56582.957
54562.113
52541.285
50520.44
65590.08
63540.38
61490.668
59440.965
57391.254
55341.555
53291.848
51242.145
66520.41
64441.625
62362.844
60284.062
58205.28
56126.5
54047.727
51968.95
67457.28
65349.215
63241.16
61133.094
59025.055
56916.992
54808.938
52700.88
68400.7
66263.16
64125.617
61988.07
59850.543
57713.004
55575.47
53437.93
69350.67
67183.445
65016.22
62848.992
60681.773
58514.543
56347.316
54180.094
70307.19
68110.07
65912.95
63715.836
61518.73
59321.61
57124.492
54927.38
71270.266
69043.055
66815.836
64588.63
62361.414
60134.203
57906.992
55679.777
72239.91
69982.38
67724.87
65467.348
63209.844
60952.332
58694.816
56437.305
73216.08
70928.06
68640.04
66352.016
64064.004
61775.98
59487.973
57199.945
74198.805
71880.08
69561.336
67242.625
64923.883
62605.168
60286.43
57967.715
75188.086
72838.44
70488.805
68139.16
65789.516
63439.867
61090.22
58740.582
76183.93
73803.164
71422.4
69041.64
66660.87
64280.117
61899.344
59518.58
77186.31
74774.22
72362.14
69950.04
67537.945
65125.87
62713.78
60301.69
78195.234
75751.63
73308.0
70864.4
68420.766
65977.15
63533.54
61089.92
79210.73
76735.39
74260.016
71784.67
69309.31
66833.98
64358.62
61883.273
80232.78
77725.48
75218.195
72710.91
70203.61
67696.32
65189.027
62681.73
81261.37
78721.93
76182.5
73643.06
71103.63
68564.195
66024.766
63485.324
82296.49
79724.72
77152.93
74581.15
72009.37
69437.58
66865.805
64294.03
83338.195
80733.87
78129.53
75525.195
72920.84
70316.52
67712.19
65107.85
84386.445
81749.34
79112.25
76475.16
73838.08
71200.98
68563.89
65926.79
85441.234
82771.19
80101.13
77431.07
74761.01
72090.96
69420.91
66750.85
86502.586
83799.35
81096.15
78392.914
75689.695
72986.47
70283.26
67580.03
87570.48
84833.88
82097.29
79360.695
76624.1
73887.51
71150.914
68414.33
88644.96
85874.75
83104.61
80334.42
77564.266
74794.086
72023.9
69253.74
89725.945
86921.984
84118.04
81314.07
78510.13
75706.18
72902.234
70098.27
90813.484
87975.55
85137.61
82299.68
79461.734
76623.805
73785.85
70947.94
91907.59
89035.47
86163.336
83291.2
80419.08
77546.95
74674.81
71802.695
93008.26
90101.73
87195.195
84288.68
81382.16
78475.63
75569.11
72662.58
94115.47
91174.33
88233.22
85292.08
82350.97
79409.83
76468.72
73527.586
95229.21
92253.28
89277.35
86301.414
83325.49
80349.56
77373.64
74397.71
96349.516
93338.59
90327.64
87316.7
84305.77
81294.83
78283.89
75272.96
97476.39
94430.234
91384.08
88337.914
85291.78
82245.62
79199.48
76153.32
98609.8
95528.23
92446.65
89365.086
86283.51
83201.945
80120.37
77038.79
99749.77
96632.56
93515.38
90398.18
87280.97
84163.78
81046.586
77929.39
100896.305
97743.28
94590.25
91437.23
88284.19
85131.15
81978.125
78825.09
102049.35
98860.3
95671.23
92482.17
89293.12
86104.055
82915.0
79725.94
103208.97
99983.664
96758.37
93533.07
90307.77
87082.484
83857.18
80631.89
104375.14
101113.4
97851.66
94589.91
91328.17
88066.44
84804.695
81542.96
105547.87
102249.48
98951.09
95652.7
92354.32
89055.92
85757.53
82459.14
106727.14
103391.9
100056.65
96721.414
93386.18
90050.945
86715.7
83380.47
107912.96
104540.65
101168.37
97796.055
94423.77
91051.47
87679.19
84306.875
109105.33
105695.766
102286.22
98876.65
95467.09
92057.53
88647.99
85238.42
110304.26
106857.234
103410.21
99963.17
96516.16
93069.125
89622.12
86175.086
111509.73
108025.03
104540.32
101055.64
97570.94
94086.26
90601.555
87116.87
112721.766
109199.195
105676.62
102154.055
98631.484
95108.914
91586.336
88063.76
113940.35
110379.695
106819.05
103258.39
99697.72
96137.09
92576.414
89015.79
115165.47
111566.55
107967.59
104368.664
100769.72
97170.79
93571.85
89972.91
116397.15
112759.74
109122.3
105484.88
101847.445
98210.016
94572.59
90935.17
117635.4
113959.27
110283.15
106607.03
102930.9
99254.79
95578.664
91902.54
118880.18
115165.164
111450.125
107735.12
104020.086
100305.06
96590.05
92875.02
120131.52
116377.39
112623.266
108869.125
105115.01
101360.875
97606.766
93852.625
121389.41
117595.96
113802.53
110009.09
106215.664
102422.23
98628.805
94835.36
122653.86
118820.914
114987.945
111155.02
107322.055
103489.1
99656.15
95823.2
123924.84
120052.17
116179.516
112306.83
108434.18
104561.5
100688.85
96816.164
125202.4
121289.81
117377.22
113464.61
109552.02
105639.42
101726.836
97814.24
126486.47
122533.78
118581.04
114628.336
110675.6
106722.9
102770.16
98817.46
127777.11
123784.06
119791.016
115797.96
111804.914
107811.86
103818.81
99825.766
129074.32
125040.734
121007.16
116973.555
112939.97
108906.38
104872.805
100839.21
130378.08
126303.74
122229.414
118155.07
114080.75
110006.42
105932.09
101857.76
131688.6
127573.33
123458.03
119342.75
115227.445
111112.18
106996.88
102881.61
133005.95
128849.5
124693.05
120536.586
116380.15
112223.695
108067.24
103910.79
134329.86
130132.03
125934.21
121736.39
117538.57
113340.74
109142.92
104945.09
135660.33
131420.95
127181.516
122942.16
118702.72
114463.35
110223.93
105984.54
136997.38
132716.2
128435.0
124153.81
119872.63
115591.45
111310.266
107029.09
138340.97
134017.77
129694.61
125371.44
121048.27
116725.09
112401.93
108078.76
139691.1
135325.7
130960.37
126594.99
122229.63
117864.27
113498.9
109133.555
141047.78
136640.02
132232.25
127824.5
123416.74
119008.984
114601.23
110193.47
142411.03
137960.67
133510.31
129059.95
124609.59
120159.23
115708.875
111258.49
143780.84
139287.69
134794.5
130301.35
125808.18
121315.016
116821.84
112328.68
145157.22
140621.03
136084.86
131548.69
127012.49
122476.32
117940.13
113403.95
146540.14
141960.75
137381.33
132801.94
128222.555
123643.16
119063.766
114484.37
147929.6
143306.8
138683.97
134061.16
129438.33
124815.52
120192.71
115569.9
149325.64
144659.19
139992.77
135326.3
130659.88
125993.42
121327.0
116660.53
150728.2
146017.94
141307.66
136597.4
131887.12
127176.86
122466.58
117756.31
152137.39
147383.06
142628.77
137874.44
133120.16
128365.836
123611.516
118857.22
153553.08
148754.53
143955.98
139157.42
134358.89
129560.336
124761.78
119963.23
154975.34
150132.33
145289.34
140446.34
135603.36
130760.36
125917.37
121074.375
156404.16
151516.53
146628.86
141741.22
136853.56
131965.94
127078.27
122190.64
157839.55
152907.03
147974.53
143042.02
138109.53
133177.02
128244.51
123312.016
159281.44
154303.92
149326.31
144348.78
139371.2
134393.64
129416.086
124438.52
160729.94
155707.12
150684.28
145661.47
140638.62
135615.8
130592.98
125570.16
162184.97
157116.7
152048.39
146980.1
141911.8
136843.48
131775.22
126706.9
163646.58
158532.61
153418.66
148304.67
143190.7
138076.73
132962.77
127848.77
165114.75
159954.9
154795.03
149635.19
144475.33
139315.5
134155.64
128995.79
166589.44
161383.5
156177.56
150971.64
145765.7
140559.75
135353.83
130147.88
168070.75
162818.47
157566.28
152314.02
147061.81
141809.58
136557.38
131305.12
169558.53
164259.81
158961.1
153662.38
148363.66
143064.92
137766.2
132467.5
171052.92
165707.5
160362.08
155016.66
149671.23
144325.81
138980.4
133634.97
172553.84
167161.52
161769.19
156376.86
150984.53
145592.22
140199.9
134807.58
174061.33
168621.9
163182.47
157743.06
152303.6
146864.19
141424.72
135985.33
175575.42
170088.62
164601.92
159115.14
153628.42
148141.66
142654.92
137168.16
177096.0
171561.75
166027.47
160493.19
154958.94
149424.66
143890.44
138356.12
178623.17
173041.17
167459.19
161877.19
156295.2
150713.19
145131.22
139549.23
180156.88
174526.95
168897.03
163267.11
157637.2
152007.28
146377.38
140747.45
181697.14
176019.12
170341.03
164663.02
158984.94
153306.89
147628.84
141950.78
183243.95
177517.6
171791.19
166064.81
160338.39
154612.05
148885.64
143159.27
184797.38
179022.45
173247.5
167472.58
161697.62
155922.72
150147.77
144372.84
186357.31
180533.62
174709.94
168886.27
163062.58
157238.9
151415.22
145591.55
187923.8
182051.19
176178.53
170305.92
164433.27
158560.64
152687.98
146815.36
189496.86
183575.06
177653.27
171731.48
165809.7
159887.89
153966.12
148044.31
191076.5
185105.33
179134.19
173162.98
167191.86
161220.67
155249.55
149278.36
192662.69
186641.9
180621.22
174600.47
168579.77
162559.03
156538.3
150517.61
194255.39
188184.88
182114.38
176043.88
169973.39
163902.88
157832.4
151761.89
195854.64
189734.19
183613.7
177493.23
171372.77
165252.3
159131.81
153011.34
197460.48
191289.86
185119.17
178948.55
172777.88
166607.22
160436.56
154265.92
199072.92
192851.84
186630.8
180409.75
174188.72
167967.69
161746.61
155525.58
200691.83
194420.22
188148.56
181876.95
175605.27
169333.67
163062.02
156790.4
202317.38
195994.95
189672.52
183350.1
177027.66
170705.22
164382.77
158060.34
203949.44
197575.97
191202.56
184829.1
178455.67
172082.22
165708.8
159335.38
205588.06
199163.38
192738.75
186314.11
179889.44
173464.84
167040.17
160615.55
207233.23
200757.19
194281.11
187805.06
181329.02
174852.94
168376.89
161900.86
208884.95
202357.27
195829.61
189301.94
182774.27
176246.58
169718.92
163191.23
210543.2
203963.72
197384.23
190804.75
184225.27
177645.77
171066.3
164486.78
212208.08
205576.55
198945.05
192313.52
185682.02
179050.48
172418.97
165787.47
213879.48
207195.75
200511.98
193828.23
187144.5
180460.73
173777.0
167093.22
215557.44
208821.25
202085.06
195348.88
188612.7
181876.5
175140.34
168404.14
217241.94
210453.16
203664.28
196875.48
190086.62
183297.84
176508.98
169720.2
218933.0
212091.34
205249.66
198407.98
191566.33
184724.66
177882.97
171041.31
220630.67
213735.92
206841.23
199946.47
193051.77
186157.03
179262.31
172367.6
222334.86
215386.86
208438.88
201490.9
194542.9
187594.94
180646.95
173699.0
224045.58
217044.14
210042.7
203041.27
196039.81
189038.39
182036.94
175035.5
225762.89
218707.77
211652.66
204597.56
197542.45
190487.36
183432.23
176377.12
227486.75
220377.78
213268.78
206159.81
199050.84
191941.86
184832.9
177723.94
229217.16
222054.08
214891.05
207727.98
200564.94
193401.88
186238.84
179075.77
230954.11
223736.8
216519.45
209302.12
202084.78
194867.45
187650.12
180432.8
232697.62
225425.83
218153.98
210882.19
203610.36
196338.53
189066.73
181794.9
234447.73
227121.2
219794.69
212468.19
205141.67
197815.19
190488.67
183162.17
236204.33
228822.94
221441.52
214060.12
206678.72
199297.33
191915.92
184534.52
237967.52
230531.05
223094.53
215658.03
208221.52
200785.05
193348.52
185912.05
239737.28
232245.52
224753.67
217261.89
209770.05
202278.28
194786.44
187294.67
241513.61
233966.28
226418.97
218871.67
211324.33
203777.02
196229.72
188682.38
243296.47
235693.44
228090.4
220487.38
212884.34
205281.31
197678.28
190075.25
245085.86
237426.9
229767.97
222109.02
214450.08
206791.14
199132.17
191473.23
246881.83
239166.8
231451.7
223736.64
216021.55
208306.48
200591.42
192876.33
248684.38
240913.03
233141.56
225370.19
217598.75
209827.34
202055.95
194284.55
250493.47
242665.53
234837.6
227009.66
219181.72
211353.8
203525.83
195697.94
252309.11
244424.44
236539.77
228655.08
220770.4
212885.73
205001.06
197116.38
254131.31
246189.7
238248.1
230306.45
222364.81
214423.2
206481.61
198540.0
255960.08
247961.31
239962.56
231963.77
223965.03
215966.2
207967.48
199968.69
257795.36
249739.25
241683.12
233627.02
225570.84
217514.78
209458.6
201402.55
259637.23
251523.58
243409.88
235296.2
227182.52
219068.83
210955.16
202841.48
261485.67
253314.22
245142.78
236971.34
228799.9
220628.45
212457.0
204285.58
263340.66
255111.23
246881.81
238652.42
230423.0
222193.58
213964.19
205734.77
265202.2
256914.61
248627.02
240339.45
232051.84
223764.25
215476.69
207189.11
267070.34
258724.33
250378.39
242032.39
233686.42
225340.45
216994.52
208648.53
268944.94
260540.4
252135.83
243731.33
235326.75
226922.22
218517.66
210113.14
270826.12
262362.8
253899.47
245436.12
236972.8
228509.47
220046.16
211582.8
272713.9
264191.56
255669.27
247146.9
238624.61
230102.27
221579.95
213057.61
274608.25
266026.7
257445.19
248863.67
240282.11
231700.6
223119.08
214537.55
276509.06
267868.2
259227.23
250586.34
241945.38
233304.48
224663.53
216022.61
278416.6
269716.03
261015.5
252314.94
243614.44
234913.86
226213.38
217512.8
280330.53
271570.22
262809.8
254049.48
245289.14
236528.8
227768.47
219008.1
282251.06
273430.72
264610.34
255790.0
246969.61
238149.27
229328.89
220508.55
284178.2
275297.56
266417.03
257536.39
248655.84
239775.23
230894.66
222014.1
286111.88
277170.8
268229.8
259288.8
250347.8
241406.77
232465.78
223524.77
288052.03
279050.44
270048.78
261047.11
252045.47
243043.84
234042.2
225040.53
289998.9
280936.34
271873.94
262811.4
253748.97
244686.42
235623.97
226561.44
291952.16
282828.66
273705.1
264581.56
255458.06
246334.55
237211.03
228087.52
293912.06
284727.25
275542.5
266357.72
257172.97
247988.22
238803.42
229618.66
295878.47
286632.25
277386.0
268139.84
258893.6
249647.39
240401.16
231154.97
297851.47
288543.6
279235.7
269927.84
260619.97
251312.11
242004.2
232696.36
299831.03
290461.28
281091.5
271721.75
262352.03
252982.31
243612.58
234242.84
301817.12
292385.34
282953.53
273521.75
264089.94
254658.12
245226.31
235794.55
303809.84
294315.72
284821.7
275327.56
265833.5
256339.44
246845.34
237351.3
305809.0
296252.44
286695.94
277139.38
267582.8
258026.28
248469.75
238913.19
307814.78
298195.56
288576.34
278957.12
269337.88
259718.67
250099.42
240480.22
309827.2
300145.03
290462.94
280780.8
271098.72
261416.6
251734.48
242052.38
311846.03
302100.8
292355.6
282610.4
272865.2
263119.97
253374.8
243629.58
313871.5
304062.94
294254.5
284445.97
274637.5
264828.97
255020.45
245212.0
315903.47
306031.5
296159.47
286287.47
276415.44
266543.5
256671.47
246799.5
317942.1
308006.38
298070.66
288134.94
278199.22
268263.5
258327.83
248392.12
319987.2
309987.62
299987.97
289988.38
279988.75
269989.1
259989.48
249989.84
322038.84
311975.12
301911.34
291847.7
281783.9
271720.16
261656.47
251592.72
324097.06
313969.03
303840.97
293712.94
283584.88
273456.84
263328.75
253200.75
326161.88
315969.3
305776.7
295584.12
285391.56
275198.97
265006.44
254813.84
328233.22
317975.88
307718.62
297461.28
287203.97
276946.7
266689.38
256432.06
330311.1
319988.9
309666.66
299344.4
289022.16
278699.94
268377.7
258055.45
332395.53
322008.2
311620.8
301233.44
290846.03
280458.66
270071.28
259683.89
334486.56
324033.84
313581.12
303128.38
292675.72
282222.97
271770.3
261317.48
336584.12
326065.84
315547.56
305029.3
294511.03
283992.78
273474.5
262956.25
338688.3
328104.28
317520.25
306936.2
296352.2
285768.16
275184.16
264600.1
340798.97
330148.97
319499.0
308849.0
298199.0
287549.03
276899.06
266249.06
342916.16
332200.06
321483.88
310767.72
300051.56
289335.47
278619.28
267903.16
345040.0
334257.4
323474.97
312692.34
301909.97
291127.34
280344.9
269562.3
347170.38
336321.22
325472.12
314623.03
303773.94
292924.88
282075.78
271226.7
349307.2
338391.38
327475.44
316559.62
305643.72
294727.88
283812.0
272896.16
351450.7
340467.8
329484.97
318502.16
307519.28
296536.47
285553.56
274570.75
353600.72
342550.62
331500.62
320450.6
309400.56
298350.53
287300.5
276250.4
355757.3
344639.84
333522.44
322404.97
311287.6
300170.1
289052.75
277935.25
357920.4
346735.38
335550.34
324365.3
313180.3
301995.25
290810.25
279625.2
360090.06
348837.25
337584.4
326331.62
315078.78
303825.94
292573.12
281320.28
362266.38
350945.5
339624.7
328303.8
316983.0
305662.16
294341.3
283020.5
364449.2
353060.1
341671.06
330281.94
318892.97
307503.88
296114.8
284725.78
366638.47
355181.1
343723.53
332266.1
320808.62
309351.2
297893.7
286436.22
368834.44
357308.3
345782.25
334256.12
322730.06
311203.97
299677.88
288151.78
371036.97
359441.94
347847.12
336252.12
324657.28
313062.28
301467.4
289872.44
373245.94
361582.0
349918.03
338254.1
326590.12
314926.16
303262.22
291598.25
375461.5
363728.34
351995.1
340261.94
328528.75
316795.56
305062.38
293329.2
377683.62
365881.03
354078.38
342275.78
330473.12
318670.5
306867.88
295065.25
379912.3
368040.06
356167.75
344295.53
332423.22
320550.97
308678.7
296806.44
382147.5
370205.4
358263.28
346321.16
334379.03
322436.9
310494.78
298552.66
384389.38
372377.25
360365.03
348352.88
336340.7
324328.5
312316.28
300304.1
386637.78
374555.3
362472.84
350390.44
338308.0
326225.53
314143.12
302060.6
388892.66
376739.75
364586.88
352433.94
340281.03
328128.12
315975.2
303822.3
391154.2
378930.6
366707.0
354483.4
342259.84
330036.25
317812.62
305589.1
393422.25
381127.72
368833.34
356538.8
344244.44
331949.9
319655.53
307361.0
395696.84
383331.25
370965.75
358600.16
346234.66
333869.06
321503.56
309138.03
397977.94
385541.12
373104.28
360667.47
348230.66
335793.78
323357.0
310920.16
400265.66
387757.34
375249.03
362740.72
350232.34
337724.1
325215.72
312707.44
402559.88
389979.9
377399.9
364819.88
352239.88
339659.88
327079.84
314499.88
404860.78
392208.88
379556.94
366905.03
354253.12
341601.2
328949.28
316297.38
407168.12
394444.03
381720.06
368996.03
356272.03
343548.0
330824.0
318099.94
409482.03
396685.72
383889.38
371093.03
358296.7
345500.4
332704.03
319907.75
411802.5
398933.7
386064.78
373196.0
360327.1
347458.25
334589.44
321720.6
414129.56
401188.0
388246.4
375304.9
362363.28
349421.8
336480.12
323538.66
416463.22
403448.7
390434.2
377419.7
364405.2
351390.72
338376.22
325361.72
418803.3
405715.72
392628.06
379540.47
366452.8
353365.22
340277.6
327190.0
421150.03
407989.0
394828.16
381667.12
368506.25
355345.2
342184.3
329023.3
423503.28
410268.78
397034.3
383799.8
370565.34
357330.8
344096.34
330861.84
425863.06
412554.88
399246.62
385938.4
372630.2
359321.97
346013.66
332705.47
428229.5
414847.3
401465.12
388082.94
374700.75
361318.53
347936.34
334554.16
430602.5
417146.1
403689.8
390233.38
376777.12
363320.7
349864.4
336408.03
432981.9
419451.28
405920.5
392389.88
378859.12
365328.44
351797.75
338267.03
435368.0
421762.7
408157.44
394552.2
380946.9
367341.62
353736.38
340131.12
437760.62
424080.53
410400.56
396720.47
383040.47
369360.38
355680.4
342000.3
440159.75
426404.72
412649.75
398894.72
385139.72
371384.72
357629.72
343874.72
442565.44
428735.28
414905.06
401074.9
387244.72
373414.53
359584.38
345754.16
444977.75
431072.12
417166.6
403261.06
389355.47
375449.9
361544.28
347638.78
447396.56
433415.44
419434.25
405453.12
391471.97
377490.8
363509.62
349528.5
449821.94
435765.0
421708.06
407651.1
393594.16
379537.22
365480.25
351423.3
452253.9
438120.94
423988.03
409855.06
395722.12
381589.12
367456.22
353323.25
454692.4
440483.25
426274.1
412064.94
397855.8
383646.66
369437.47
355228.3
457137.5
442851.84
428566.38
414280.72
399995.25
385709.6
371424.1
357138.5
459589.1
445226.9
430864.72
416502.53
402140.4
387778.2
373416.03
359053.84
462047.25
447608.38
433169.28
418730.38
404291.28
389852.25
375413.3
360974.28
464512.03
449995.94
435479.94
420963.94
406447.9
391931.9
377415.84
362899.88
466983.28
452390.0
437796.8
423203.5
408610.3
394017.03
379423.8
364830.56
469461.12
454790.47
440119.78
425449.06
410778.38
396107.78
381437.0
366766.38
471945.47
457197.16
442448.84
427700.53
412952.22
398203.97
383455.62
368707.3
474436.47
459610.28
444784.16
429958.0
415131.84
400305.7
385479.53
370653.38
476933.97
462029.78
447125.56
432221.38
417317.12
402413.0
387508.75
372604.53
479438.03
464455.53
449473.12
434490.62
419508.2
404525.78
389543.3
374560.84
481948.66
466887.75
451826.8
436765.94
421705.0
406644.1
391583.2
376522.25
484465.78
469326.3
454186.62
439047.12
423907.53
408767.97
393628.4
378488.8
486989.66
471771.03
456552.78
441334.16
426115.88
410897.28
395678.97
380460.4
489519.84
474222.38
458924.84
443627.34
428329.84
413032.25
397734.78
382437.28
492056.72
476679.94
461303.12
445926.34
430549.56
415172.75
399795.97
384419.22
494600.1
479143.8
463687.56
448231.28
432775.03
417318.75
401862.5
386406.22
497150.1
481614.1
466078.16
450542.2
435006.25
419470.3
403934.38
388398.38
499706.6
484090.75
468474.94
452859.03
437243.22
421627.38
406011.53
390395.7
502269.66
486573.7
470877.78
455181.78
439485.9
423789.94
408094.0
392398.06
504839.3
489063.03
473286.84
457510.53
441734.34
425958.06
410181.84
394405.56
507415.5
491558.72
475702.0
459845.22
443988.47
428131.75
412274.97
396418.25
509998.22
494060.75
478123.3
462185.8
446248.38
430310.88
414373.47
398435.97
512587.5
496569.06
480550.72
464532.34
448513.97
432495.6
416477.22
400458.88
515183.4
499083.9
482984.38
466884.9
450785.38
434685.88
418586.4
402486.88
517785.75
501605.0
485424.12
469243.34
453062.47
436881.7
420700.8
404520.06
520394.78
504132.4
487870.06
471607.7
455345.38
439082.94
422820.66
406558.3
523010.25
506666.2
490322.1
473978.0
457633.9
441289.8
424945.75
408601.66
525631.25
509205.25
492779.25
476353.25
459927.28
443501.28
427075.3
410649.3
528257.94
511749.84
495241.8
478733.7
462225.62
445717.56
429209.47
412701.4
530891.06
514300.75
497710.38
481120.03
464529.7
447939.3
431348.94
414758.56
533530.8
516857.94
500185.1
483512.25
466839.38
450166.53
433493.7
416820.88
536177.1
519421.56
502665.97
485910.47
469154.9
452399.38
435643.78
418888.25
538829.8
521991.47
505152.94
488314.6
471476.0
454637.66
437799.16
420960.78
541489.3
524567.7
507646.2
490724.56
473803.06
456881.47
439959.97
423038.38
544155.25
527150.25
510145.47
493140.56
476135.75
459130.84
442126.0
425121.1
546827.6
529739.25
512650.84
495562.53
478474.1
461385.75
444297.34
427208.97
549506.6
532334.56
515162.44
497990.38
480818.25
463646.2
446474.06
429301.97
552192.2
534936.1
517680.12
500424.12
483168.1
465912.1
448656.06
431400.06
554884.25
537544.1
520203.94
502863.8
485523.66
468183.5
450843.38
433503.22
557582.94
540158.44
522734.0
505309.44
487885.03
470460.47
453036.03
435611.5
560288.06
542779.06
525270.0
507760.97
490252.0
472743.0
455233.94
437724.97
562999.9
545406.0
527812.3
510218.53
492624.75
475030.97
457437.28
439843.47
565718.0
548039.4
530360.6
512681.97
495003.25
477324.5
459645.84
441967.12
568442.94
550679.0
532915.2
515151.34
497387.47
479623.62
461859.78
444095.9
571174.3
553325.0
535475.9
517626.6
499777.47
481928.2
464079.06
446229.75
573912.1
555977.44
538042.6
520107.88
502173.06
484238.34
466303.53
448368.8
576656.6
558636.1
540615.56
522595.0
504574.5
486553.97
468533.44
450512.94
579407.6
561301.1
543194.7
525088.1
506981.7
488875.16
470768.7
452662.16
582165.25
563972.56
545779.9
527587.1
509394.5
491201.84
473009.2
454816.47
584929.3
566650.25
548371.25
530092.1
511813.1
493534.0
475255.0
456975.88
587699.94
569334.3
550968.75
532603.0
514237.44
495871.78
477506.16
459140.5
590477.2
572024.7
553572.3
535119.9
516667.5
498215.03
479762.7
461310.16
593260.9
574721.5
556182.06
537642.6
519103.2
500563.78
482024.4
463484.94
596051.25
577424.56
558798.0
540171.3
521544.75
502918.06
484291.5
465664.88
598848.06
580134.0
561420.06
542706.0
523992.0
505277.94
486563.94
467849.88
601651.44
582849.8
564048.1
545246.56
526444.9
507643.3
488841.66
470040.0
604461.3
585571.9
566682.44
547793.0
528903.6
510014.2
491124.75
472235.3
607277.9
588300.4
569322.9
550345.44
531368.06
512390.6
493413.12
474435.66
610100.8
591035.2
571969.5
552903.9
533838.1
514772.47
495706.8
476641.12
612930.44
593776.3
574622.25
555468.1
536314.06
517159.94
498005.9
478851.75
615766.5
596523.8
577281.06
558038.4
538795.6
519552.9
500310.2
481067.44
618609.1
599277.75
579946.06
560614.6
541282.94
521951.56
502619.8
483288.4
621458.3
602037.75
582617.2
563196.56
543776.0
524355.4
504934.84
485514.22
624314.2
604804.3
585294.44
565784.7
546274.8
526764.94
507255.12
487745.28
627176.4
607577.1
587977.9
568378.56
548779.25
529180.06
509580.7
489981.47
630045.3
610356.25
590667.5
570978.5
551289.6
531600.6
511911.66
492222.75
632920.6
613141.7
593363.0
573584.1
553805.44
534026.6
514247.8
494469.06
635802.56
615933.8
596064.9
576196.0
556327.2
536458.4
516589.5
496720.66
638691.06
618731.9
598772.8
578813.7
558854.6
538895.5
518936.4
498977.3
641586.1
621536.56
601487.0
581437.4
561387.9
541338.2
521288.6
501239.03
644487.7
624347.44
604207.2
584066.94
563926.7
543786.4
523646.16
503505.9
647395.8
627164.7
606933.5
586702.44
566471.25
546240.1
526009.0
505777.8
650310.44
629988.25
609666.06
589343.75
569021.56
548699.4
528377.1
508054.97
653231.6
632818.1
612404.6
591991.2
571577.6
551164.1
530750.7
510337.2
656159.44
635654.44
615149.44
594644.4
574139.4
553634.4
533129.44
512624.44
659093.9
638497.1
617900.4
597303.7
576707.0
556110.3
535513.56
514916.88
662034.44
641345.9
620657.3
599968.75
579280.1
558591.56
537903.0
517214.38
664982.0
644201.25
623420.56
602639.94
581859.2
561078.44
540297.75
519517.1
667935.94
647062.94
626189.9
605316.94
584443.9
563570.94
542697.9
521824.88
670896.5
649930.9
628965.44
607999.9
587034.3
566068.75
545103.25
524137.75
673863.5
652805.2
631747.0
610688.75
589630.5
568572.25
547514.0
526455.75
676837.0
655685.94
634534.6
613383.56
592232.3
571081.25
549930.0
528778.8
679817.1
658572.9
637328.6
616084.2
594840.0
573595.7
552351.4
531107.1
682803.94
661466.25
640128.7
618790.94
597453.4
576115.7
554778.1
533440.44
685797.1
664366.0
642934.75
621503.56
600072.44
578641.2
557210.06
535778.8
688796.9
667272.1
645747.0
624222.25
602697.2
581172.4
559647.4
538122.44
691803.2
670184.3
648565.5
626946.6
605327.75
583708.9
562090.0
540471.1
694816.06
673103.0
651390.0
629677.0
607963.94
586251.0
564537.94
542824.94
697835.44
676028.1
654220.7
632413.44
610605.9
588798.7
566991.2
545183.94
700861.44
678959.56
657057.5
635155.7
613253.7
591351.75
569449.8
547547.9
703893.94
681897.25
659900.56
637903.8
615907.1
593910.44
571913.75
549917.0
706933.06
684841.3
662749.7
640658.0
618566.3
596474.6
574382.94
552291.3
709978.6
687791.7
665604.9
643418.0
621231.25
599044.3
576857.5
554670.6
713030.75
690748.5
668466.3
646184.0
623901.8
601619.56
579337.4
557055.1
716089.44
693711.6
671333.8
648956.0
626578.2
604200.4
581822.6
559444.75
719154.75
696681.2
674207.5
651733.94
629260.3
606786.7
584313.06
561839.5
722226.5
699656.94
677087.3
654517.7
631948.06
609378.5
586808.9
564239.25
725304.8
702639.0
679973.2
657307.4
634641.6
611975.7
589310.0
566644.2
728389.6
705627.44
682865.2
660103.06
637340.9
614578.7
591816.5
569054.3
731481.06
708622.2
685763.44
662904.6
640045.8
617187.0
594328.25
571469.44
734578.94
711623.5
688667.7
665712.25
642756.56
619801.0
596845.3
573889.8
737683.5
714630.94
691578.2
668525.7
645473.0
622420.4
599367.8
576315.2
740794.6
717644.75
694494.94
671345.06
648195.2
625045.4
601895.56
578745.6
743912.2
720664.94
697417.6
674170.44
650923.1
627675.9
604428.56
581181.4
747036.4
723691.5
700346.5
677001.7
653656.7
630311.9
606966.9
583622.06
750167.25
726724.25
703281.8
679838.8
656396.3
632953.3
609510.75
586067.9
753304.4
729763.5
706222.8
682682.0
659141.2
635600.4
612059.6
588518.9
756448.06
732809.06
709170.0
685531.0
661892.0
638253.0
614614.0
590974.94
759598.4
735861.06
712123.5
688386.06
664648.56
640911.1
617173.6
593436.2
762755.3
738919.25
715083.06
691247.0
667410.9
643574.75
619738.6
595902.5
765918.6
741983.8
718048.7
694113.75
670178.9
646243.8
622308.9
598373.8
769088.7
745054.6
721020.6
696986.6
672952.56
648918.5
624884.5
600850.44
772265.3
748131.94
723998.6
699865.3
675732.1
651598.7
627465.44
603332.06
775448.3
751215.5
726982.8
702750.0
678517.2
654284.4
630051.7
605818.94
778638.0
754305.6
729973.2
705640.7
681308.25
656975.75
632643.25
608310.8
781834.1
757401.8
732969.5
708537.1
684104.8
659672.5
635240.2
610807.8
785036.8
760504.4
735971.94
711439.5
686907.1
662374.7
637842.3
613309.9
788246.06
763613.3
738980.6
714347.94
689715.25
665082.56
640449.8
615817.1
791461.9
766728.7
741995.44
717262.25
692529.06
667795.9
643062.7
618329.5
794684.25
769850.3
745016.4
720182.56
695348.7
670514.75
645680.8
620847.0
797912.94
772978.4
748043.44
723108.8
698173.75
673239.2
648304.2
623369.6
801148.56
776112.7
751076.75
726040.8
701004.94
675969.0
650933.06
625897.2
804390.6
779253.3
754116.1
728978.9
703841.6
678704.5
653567.25
628430.0
807639.06
782400.25
757161.6
731922.9
706684.2
681445.44
656206.6
630967.94
810894.25
785553.6
760213.4
734872.7
709532.44
684191.8
658851.5
633510.94
814155.9
788713.4
763271.06
737828.7
712386.3
686943.9
661501.56
636059.1
817423.94
791879.44
766334.94
740790.4
715245.9
689701.3
664156.9
638612.25
820698.7
795051.94
769404.94
743758.2
718111.25
692464.44
666817.56
641170.75
823979.94
798230.6
772481.2
746731.75
720982.44
695233.06
669483.7
643734.25
827267.75
801415.6
775563.56
749711.44
723859.2
698007.1
672154.94
646302.9
830562.0
804607.06
778651.94
752696.9
726741.75
700786.6
674831.6
648876.5
833863.0
807804.75
781746.56
755688.3
729630.1
703571.8
677513.6
651455.3
837170.5
811008.94
784847.3
758685.75
732524.1
706362.56
680200.9
654039.44
840484.5
814219.3
787954.1
761689.0
735423.9
709158.75
682893.5
656628.44
843805.1
817436.1
791067.25
764698.3
738329.4
711960.44
685591.5
659222.6
847132.2
820659.25
794186.4
767713.5
741240.56
714767.7
688294.75
661821.8
850465.75
823888.6
797311.7
770734.56
744157.56
717580.44
691003.4
664426.25
853805.94
827124.5
800443.0
773761.6
747080.06
720398.7
693717.2
667035.8
857152.75
830366.6
803580.6
776794.5
750008.5
723222.5
696436.5
669650.44
860505.94
833615.1
806724.3
779833.5
752942.6
726051.8
699161.0
672270.1
863865.8
836870.0
809874.1
782878.4
755882.5
728886.7
701890.9
674895.0
867232.2
840131.2
813030.2
785929.1
758828.06
731727.06
704626.06
677525.0
870605.1
843398.6
816192.25
788985.8
761779.4
734572.9
707366.5
680160.1
873984.56
846672.5
819360.44
792048.4
764736.4
737424.4
710112.4
682800.4
877370.25
849952.75
822534.56
795117.06
767698.94
740281.4
712863.3
685445.6
880763.06
853239.25
825715.4
798191.44
770667.7
743143.7
715620.0
688096.0
884162.1
856532.2
828902.06
801272.0
773641.9
746011.8
718381.7
690751.6
887567.9
859831.3
832094.9
804358.25
776621.8
748885.4
721148.75
693412.3
890980.0
863136.9
835293.75
807450.7
779607.5
751764.4
723921.2
696078.0
894398.6
866448.9
838498.7
810548.94
782598.8
754649.0
726698.9
698749.0
897824.06
869767.06
841710.0
813653.0
785596.06
757538.94
729481.94
701424.94
901255.9
873091.7
844927.4
816763.2
788598.9
760434.6
732270.3
704106.06
904694.25
876422.6
848150.8
819879.2
791607.44
763335.7
735064.0
706792.3
908139.25
879759.75
851380.5
823001.1
794621.75
766242.4
737863.0
709483.56
911590.56
883103.3
854616.06
826128.9
797641.6
769154.44
740667.2
712179.94
915048.8
886453.5
857858.25
829262.9
800667.56
772072.25
743477.0
714881.6
918513.25
889809.75
861106.2
832402.6
803699.06
774995.44
746292.0
717588.4
921984.44
893172.3
864360.4
835548.25
806736.3
777924.25
749112.25
720300.1
925462.06
896541.4
867620.7
838699.94
809779.2
780858.5
751937.9
723017.1
928946.25
899916.6
870887.0
841857.44
812827.8
783798.3
754768.56
725739.2
932437.0
903298.4
874159.6
845020.94
815882.4
786743.56
757604.94
728466.3
935934.25
906686.4
877438.3
848190.4
818942.44
789694.5
760446.56
731198.6
939438.2
910080.7
880723.25
851365.75
822008.4
792650.94
763293.3
733935.94
942948.5
913481.4
884014.25
854547.0
825080.0
795612.7
766145.7
736678.44
946465.25
916888.56
887311.1
857734.44
828157.0
798580.25
769002.94
739426.1
949988.94
920301.8
890614.6
860927.44
831240.25
801553.06
771865.9
742178.75
953518.9
923721.5
893923.94
864126.56
834329.06
804531.56
774734.0
744936.6
957055.6
927147.6
897239.6
867331.6
837423.6
807515.56
777607.6
747699.6
960598.75
930579.94
900561.25
870542.5
840523.8
810505.0
780486.4
750467.6
964148.4
934018.75
903889.06
873759.4
843629.75
813500.06
783370.44
753240.75
967704.56
937463.75
907223.0
876982.2
846741.4
816500.6
786259.9
756019.06
971267.4
940915.25
910563.1
880211.0
849858.9
819506.7
789154.6
758802.5
974836.6
944373.0
913909.25
883445.6
852981.94
822518.3
792054.7
761591.0
978412.56
947837.06
917261.75
886686.25
856110.94
825535.56
794960.1
764384.75
981994.9
951307.6
920620.25
889932.9
859245.6
828558.25
797870.9
767183.5
985583.8
954784.4
923984.8
893185.3
862385.8
831586.3
800786.75
769987.3
989179.4
958267.44
927355.6
896443.7
865531.9
834620.0
803708.1
772796.25
992781.3
961757.0
930732.44
899708.1
868683.56
837659.2
806634.75
775610.3
996390.0
965252.8
934115.6
902978.4
871841.2
840703.94
809566.8
778429.5
1000005.06
968755.06
937504.75
906254.7
875004.3
843754.3
812504.0
781253.94
1003626.8
972263.44
940900.06
909536.75
878173.25
846809.94
815446.6
784083.2
1007255.06
975778.25
944301.6
912824.8
881348.1
849871.3
818394.6
786917.9
1010889.75
979299.44
947709.1
916118.75
884528.5
852938.1
821347.9
789757.56
1014531.2
982826.9
951123.06
919418.7
887714.9
856010.5
824306.6
792602.3
1018178.94
986360.75
954542.7
922724.7
890906.5
859088.44
827270.25
795452.25
1021833.4
989901.1
957968.75
926036.44
894104.1
862171.75
830239.5
798307.25
1025494.4
993447.7
961400.9
929354.25
897307.5
865260.8
833214.0
801167.4
1029161.8
997000.56
964839.2
932677.9
900516.56
868355.25
836193.9
804032.56
1032835.8
1000559.9
968283.5
936007.6
903731.25
871455.4
839179.0
806903.0
1036516.44
1004125.4
971734.1
939343.0
906951.9
874560.7
842169.56
809778.4
1040203.7
1007697.2
975190.9
942684.44
910178.1
877671.7
845165.4
812658.94
1043897.3
1011275.6
978653.7
946032.0
913410.06
880788.4
848166.5
815544.7
1047597.5
1014860.06
982122.6
949385.25
916647.75
883910.44
851172.9
818435.5
1051304.4
1018451.1
985597.9
952744.56
919891.3
887038.0
854184.7
821331.44
1055017.8
1022048.4
989079.06
956109.75
923140.4
890171.1
857201.8
824232.44
1058737.5
1025652.06
992566.4
959480.9
926395.25
893309.75
860224.1
827138.6
1062464.0
1029261.94
996059.94
962857.9
929655.94
896453.9
863251.94
830049.9
1066196.9
1032878.1
999559.5
966240.9
932922.2
899603.5
866284.9
832966.25
1069936.4
1036501.1
1003065.4
969630.0
936194.3
902758.8
869323.3
835887.75
1073682.5
1040129.9
1006577.3
973024.75
939472.2
905919.5
872366.94
838814.3
1077435.1
1043765.2
1010095.4
976425.56
942755.56
909085.75
875415.94
841746.06
1081194.2
1047406.94
1013619.6
979832.25
946044.94
912257.6
878470.25
844682.94
1084960.0
1051055.0
1017149.94
983245.0
949339.94
915434.94
881529.9
847624.8
1088732.2
1054709.2
1020686.56
986663.5
952640.7
918617.7
884594.9
850571.94
1092511.0
1058370.1
1024229.06
990088.1
955947.06
921806.2
887665.06
853524.1
1096296.2
1062037.1
1027777.8
993518.5
959259.25
924999.94
890740.7
856481.44
1100088.2
1065710.6
1031332.7
996955.0
962577.06
928199.4
893821.6
859443.75
1103886.6
1069390.2
1034893.75
1000397.2
965900.8
931404.4
896907.9
862411.4
1107691.6
1073076.2
1038461.0
1003845.44
969230.2
934614.6
899999.5
865383.9
1111503.1
1076768.6
1042034.1
1007299.7
972565.1
937830.7
903096.25
868361.75
1115321.2
1080467.5
1045613.7
1010759.94
975906.0
941052.25
906198.44
871344.5
1119145.9
1084172.5
1049199.2
1014225.9
979252.56
944279.3
909305.9
874332.6
1122977.2
1087884.1
1052791.0
1017698.0
982605.0
947511.9
912418.9
877325.8
1126814.6
1091601.6
1056388.6
1021175.6
985962.75
950749.75
915536.75
880323.75
1130659.1
1095325.9
1059992.8
1024659.6
989326.56
953993.5
918660.4
883327.3
1134509.8
1099056.4
1063602.9
1028149.44
992696.0
957242.56
921789.1
886335.7
1138367.1
1102793.1
1067219.2
1031645.1
996071.25
960497.2
924923.2
889349.1
1142231.0
1106536.2
1070841.6
1035146.9
999452.1
963757.4
928062.56
892367.94
1146101.4
1110285.8
1074470.1
1038654.4
1002838.8
967023.1
931207.4
895391.6
1149978.5
1114041.8
1078104.8
1042168.06
1006231.2
970294.3
934357.5
898420.6
1153862.0
1117803.9
1081745.5
1045687.44
1009629.2
973571.06
937512.75
901454.6
1157752.1
1121572.2
1085392.6
1049212.8
1013033.06
976853.25
940673.56
904493.7
1161648.8
1125347.2
1089045.6
1052744.2
1016442.44
980141.1
943839.4
907538.06
1165551.9
1129128.2
1092704.9
1056281.2
1019857.9
983434.25
947010.9
910587.25
1169461.6
1132915.9
1096370.2
1059824.5
1023278.9
986733.1
950187.5
913641.75
1173377.9
1136709.9
1100041.8
1063373.6
1026705.56
990037.56
953369.44
916701.44
1177300.8
1140510.0
1103719.4
1066928.8
1030138.0
993347.4
956556.7
919766.06
1181230.0
1144316.8
1107403.1
1070489.8
1033576.25
996662.9
959749.3
922836.0
1185166.1
1148129.4
1111093.1
1074056.5
1037020.1
999983.7
962947.25
925910.75
1189108.5
1151948.8
1114789.1
1077629.5
1040469.9
1003310.06
966150.56
928990.75
1193057.4
1155774.5
1118491.2
1081208.4
1043925.2
1006642.1
969359.0
932076.1
1197013.0
1159606.2
1122199.6
1084793.0
1047386.25
1009979.7
972573.0
935166.3
1200974.9
1163444.5
1125913.9
1088383.5
1050853.0
1013322.44
975792.0
938261.5
1204943.8
1167289.2
1129634.8
1091980.1
1054325.8
1016671.2
979016.6
941362.1
1208918.8
1171140.1
1133361.2
1095582.8
1057803.9
1020025.25
982246.5
944467.75
1212900.6
1174997.4
1137094.4
1099191.1
1061288.0
1023384.9
985481.6
947578.5
1216889.0
1178861.1
1140833.2
1102805.5
1064777.8
1026750.0
988722.1
950694.4
1220883.6
1182731.2
1144578.4
1106426.0
1068273.1
1030120.75
991967.8
953815.5
1224885.1
1186607.4
1148329.8
1110052.0
1071774.5
1033496.75
995219.06
956941.4
1228893.0
1190490.1
1152087.1
1113684.2
1075281.2
1036878.44
998475.44
960072.56
1232907.5
1194379.1
1155850.8
1117322.4
1078794.0
1040265.7
1001737.3
963208.94
1236928.6
1198274.4
1159620.5
1120966.4
1082312.4
1043658.4
1005004.3
966350.3
1240955.8
1202176.2
1163396.0
1124616.5
1085836.2
1047056.7
1008276.44
969496.94
1244990.1
1206084.2
1167178.1
1128272.4
1089366.2
1050460.4
1011554.56
972648.44
1249030.9
1209998.5
1170966.5
1131934.0
1092901.9
1053869.6
1014837.4
975805.25
1253077.9
1213919.2
1174760.6
1135601.9
1096443.2
1057284.5
1018125.8
978967.1
1257131.8
1217846.2
1178561.0
1139275.6
1099990.2
1060704.9
1021419.44
982134.06
1261192.1
1221779.8
1182367.5
1142955.2
1103543.0
1064130.6
1024718.44
985306.1
1265258.9
1225719.5
1186180.1
1146640.8
1107101.5
1067562.1
1028022.75
988483.3
1269332.1
1229665.5
1189998.9
1150332.2
1110665.8
1070999.0
1031332.3
991665.75
1273412.4
1233618.1
1193823.9
1154029.8
1114235.6
1074441.5
1034647.3
994853.2
1277498.6
1237576.8
1197655.0
1157733.1
1117811.2
1077889.4
1037967.56
998045.75
1281591.9
1241542.1
1201492.2
1161442.5
1121392.8
1081343.0
1041293.2
1001243.44
1285691.4
1245513.5
1205335.6
1165157.8
1124979.9
1084802.0
1044624.1
1004446.25
1289797.4
1249491.4
1209185.1
1168878.9
1128572.6
1088266.5
1047960.25
1007654.06
1293910.0
1253475.4
1213040.8
1172606.0
1132171.2
1091736.5
1051301.8
1010867.06
1298029.1
1257465.9
1216902.4
1176339.0
1135775.5
1095212.0
1054648.6
1014085.25
1302155.0
1261462.8
1220770.2
1180077.9
1139385.5
1098693.1
1058000.9
1017308.56
1306287.2
1265465.9
1224644.2
1183822.8
1143001.2
1102179.9
1061358.2
1020536.8
1310426.0
1269475.5
1228524.4
1187573.6
1146622.8
1105672.0
1064721.1
1023770.3
1314571.5
1273491.1
1232410.9
1191330.4
1150250.0
1109169.6
1068089.2
1027008.9
1318723.6
1277513.2
1236303.4
1195092.9
1153883.1
1112672.8
1071462.9
1030252.5
1322881.9
1281541.9
1240201.5
1198861.9
1157521.5
1116181.6
1074841.4
1033501.44
1327047.0
1285576.8
1244106.5
1202636.5
1161166.0
1119695.9
1078225.5
1036755.4
1331218.5
1289617.9
1248017.4
1206416.8
1164816.0
1123215.6
1081614.9
1040014.44
1335396.8
1293665.6
1251934.5
1210203.2
1168472.1
1126740.9
1085009.8
1043278.5
1339581.4
1297719.4
1255857.5
1213995.6
1172133.6
1130271.8
1088409.8
1046547.9
1343772.5
1301779.8
1259786.6
1217793.9
1175801.0
1133808.0
1091815.1
1049822.2
1347970.2
1305846.2
1263722.1
1221598.0
1179474.0
1137349.9
1095225.9
1053101.8
1352174.9
1309919.1
1267663.8
1225408.1
1183152.8
1140897.2
1098641.9
1056386.4
1356385.6
1313998.4
1271611.5
1229224.1
1186837.2
1144450.2
1102063.0
1059676.0
1360602.8
1318083.6
1275565.0
1233045.9
1190527.4
1148008.4
1105489.6
1062970.9
1364826.9
1322175.9
1279525.2
1236874.2
1194223.5
1151572.5
1108921.8
1066270.9
1369057.4
1326274.1
1283491.4
1240708.0
1197925.1
1155141.9
1112359.0
1069575.9
1373294.2
1330378.9
1287463.4
1244547.9
1201632.6
1158717.0
1115801.6
1072886.1
1377538.0
1334490.0
1291441.8
1248393.8
1205345.5
1162297.6
1119249.5
1076201.4
1381788.0
1338607.2
1295426.2
1252245.4
1209064.5
1165883.6
1122702.6
1079521.8
1386044.8
1342731.0
1299417.0
1256103.1
1212789.2
1169475.2
1126161.2
1082847.4
1390308.1
1346861.0
1303413.8
1259966.6
1216519.4
1173072.4
1129625.2
1086178.1
1394577.9
1350997.1
1307416.6
1263836.0
1220255.4
1176675.0
1133094.4
1089513.8
1398854.1
1355139.9
1311425.9
1267711.5
1223997.4
1180283.0
1136568.8
1092854.6
1403136.9
1359288.9
1315440.9
1271592.6
1227744.9
1183896.6
1140048.8
1096200.5
1407426.4
1363444.2
1319462.1
1275480.1
1231498.0
1187516.0
1143533.8
1099551.8
1411722.4
1367606.0
1323489.8
1279373.2
1235257.0
1191140.6
1147024.2
1102908.0
1416024.9
1371774.1
1327523.1
1283272.5
1239021.6
1194771.0
1150520.1
1106269.2
1420334.0
1375948.5
1331563.0
1287177.6
1242792.1
1198406.8
1154021.2
1109635.9
1424649.5
1380129.4
1335608.8
1291088.8
1246568.1
1202048.0
1157527.5
1113007.4
1428971.6
1384316.1
1339661.0
1295005.4
1250350.1
1205694.6
1161039.4
1116384.0
1433300.2
1388509.8
1343719.0
1298928.4
1254137.6
1209347.0
1164556.4
1119765.8
1437635.8
1392709.6
1347783.4
1302857.2
1257931.2
1213005.0
1168078.9
1123152.8
1441977.6
1396915.8
1351854.0
1306792.1
1261730.4
1216668.5
1171606.6
1126544.9
1446325.5
1401128.0
1355930.2
1310732.6
1265535.0
1220337.4
1175139.8
1129942.0
1450680.8
1405347.0
1360013.2
1314679.4
1269345.5
1224011.8
1178678.0
1133344.1
1455042.0
1409572.0
1364101.9
1318631.8
1273161.9
1227691.8
1182221.6
1136751.5
1459410.0
1413803.5
1368196.9
1322590.1
1276983.6
1231377.0
1185770.5
1140163.9
1463784.4
1418041.2
1372297.9
1326554.8
1280811.4
1235068.1
1189324.8
1143581.6
1468165.5
1422285.2
1376405.1
1330525.0
1284644.9
1238764.6
1192884.4
1147004.1
1472553.1
1426535.9
1380518.6
1334501.2
1288483.9
1242466.6
1196449.2
1150432.0
1476947.2
1430792.8
1384638.0
1338483.5
1292328.9
1246174.2
1200019.6
1153865.0
1481348.0
1435055.8
1388763.8
1342471.6
1296179.5
1249887.2
1203595.1
1157303.0
1485755.4
1439325.2
1392895.8
1346465.5
1300036.0
1253605.9
1207176.2
1160746.1
1490169.2
1443601.0
1397033.8
1350465.5
1303898.0
1257330.0
1210762.4
1164194.4
1494589.5
1447883.5
1401177.5
1354471.5
1307765.6
1261059.8
1214353.8
1167647.9
1499016.4
1452171.9
1405327.8
1358483.5
1311639.2
1264794.9
1217950.6
1171106.2
1503449.6
1456466.9
1409484.0
1362501.1
1315518.4
1268535.5
1221552.8
1174570.0
1507889.8
1460768.1
1413646.5
1366525.0
1319403.4
1272281.9
1225160.4
1178038.8
1512336.1
1465075.8
1417815.1
1370554.8
1323294.1
1276033.6
1228773.1
1181512.6
1516789.2
1469389.5
1421989.9
1374590.2
1327190.6
1279790.8
1232391.2
1184991.4
1521248.9
1473709.9
1426170.8
1378631.9
1331092.6
1283553.9
1236014.5
1188475.8
1525715.1
1478036.6
1430357.6
1382679.4
1335000.5
1287322.1
1239643.2
1191964.9
1530187.8
1482370.0
1434551.0
1386733.0
1338914.2
1291096.2
1243277.5
1195459.2
1534667.0
1486708.6
1438750.2
1390791.9
1342833.6
1294875.1
1246916.8
1198958.5
1539152.9
1491054.4
1442955.8
1394857.1
1346758.6
1298660.1
1250561.5
1202463.0
1543645.4
1495406.2
1447167.5
1398928.5
1350689.5
1302450.6
1254211.5
1205972.8
1548144.0
1499764.8
1451385.0
1403005.6
1354626.0
1306246.5
1257867.0
1209487.5
1552649.5
1504129.2
1455609.0
1407088.5
1358568.4
1310047.9
1261527.6
1213007.4
1557161.5
1508500.2
1459838.9
1411177.6
1362516.1
1313855.0
1265193.5
1216532.4
1561680.1
1512877.6
1464075.1
1415272.6
1366470.0
1317667.5
1268865.1
1220062.4
1566205.2
1517261.2
1468317.4
1419373.2
1370429.5
1321485.5
1272541.6
1223597.6
1570736.8
1521651.2
1472565.8
1423480.2
1374394.6
1325309.0
1276223.6
1227137.9
1575275.0
1526047.6
1476820.2
1427593.0
1378365.6
1329138.1
1279910.9
1230683.4
1579819.6
1530450.5
1481080.8
1431711.6
1382342.1
1332972.9
1283603.4
1234234.0
1584371.0
1534859.4
1485347.8
1435836.1
1386324.5
1336812.9
1287301.4
1237789.8
1588928.9
1539274.8
1489620.6
1439966.6
1390312.6
1340658.5
1291004.6
1241350.5
1593493.1
1543696.5
1493899.9
1444103.1
1394306.4
1344509.8
1294713.1
1244916.4
1598064.2
1548124.4
1498185.2
1448245.5
1398306.2
1348366.4
1298427.1
1248487.4
1602641.6
1552558.9
1502476.5
1452393.8
1402311.4
1352228.6
1302146.1
1252063.5
1607225.4
1556999.6
1506773.9
1456548.0
1406322.1
1356096.5
1305870.8
1255644.9
1611816.0
1561446.8
1511077.5
1460708.4
1410339.1
1359969.9
1309600.5
1259231.2
1616413.4
1565900.5
1515387.6
1464874.6
1414361.8
1363848.8
1313335.9
1262822.9
1621016.5
1570359.8
1519702.9
1469046.1
1418389.4
1367732.6
1317075.9
1266419.1
1625626.8
1574825.8
1524025.0
1473224.1
1422423.4
1371622.5
1320821.8
1270020.9
1630243.5
1579298.4
1528353.5
1477408.4
1426463.2
1375518.1
1324573.0
1273627.8
1634867.0
1583777.5
1532687.9
1481598.2
1430508.6
1379419.0
1328329.2
1277239.6
1639496.8
1588262.6
1537028.1
1485794.0
1434559.5
1383325.5
1332091.1
1280856.8
1644133.1
1592753.9
1541374.9
1489995.5
1438616.5
1387237.1
1335858.1
1284478.8
1648776.1
1597251.9
1545727.5
1494203.2
1442679.0
1391154.8
1339630.5
1288106.2
1653425.5
1601756.0
1550086.5
1498416.9
1446747.2
1395077.8
1343408.0
1291738.8
1658081.6
1606266.5
1554451.4
1502636.4
1450821.2
1399006.2
1347191.1
1295376.1
1662744.0
1610783.4
1558822.5
1506862.0
1454900.9
1402940.5
1350979.5
1299018.8
1667413.4
1615306.4
1563200.1
1511093.0
1458986.6
1406879.8
1354773.2
1302666.4
1672088.9
1619835.9
1567583.2
1515330.5
1463077.8
1410825.0
1358572.1
1306319.4
1676771.1
1624371.9
1571973.0
1519573.8
1467174.6
1414775.5
1362376.4
1309977.2
1681460.0
1628914.4
1576368.8
1523823.1
1471277.4
1418731.8
1366186.1
1313640.4
1686155.2
1633462.8
1580770.2
1528078.0
1475385.6
1422693.2
1370000.9
1317308.6
1690857.0
1638017.8
1585178.4
1532339.0
1479499.9
1426660.4
1373821.2
1320981.9
1695565.4
1642578.9
1589592.4
1536605.9
1483619.5
1430633.2
1377646.8
1324660.2
1700280.5
1647146.4
1594012.8
1540878.9
1487745.1
1434611.5
1381477.6
1328344.0
1705001.8
1651720.5
1598439.1
1545157.8
1491876.4
1438595.1
1385313.8
1332032.6
1709730.5
1656300.6
1602872.2
1549442.5
1496014.0
1442584.4
1389155.8
1335726.2
1714464.8
1660887.0
1607310.6
1553733.0
1500156.5
1446579.0
1393002.4
1339425.0
1719205.4
1665480.2
1611755.1
1558029.9
1504304.6
1450579.5
1396854.2
1343129.1
1723953.1
1670079.5
1616205.9
1562332.4
1508458.8
1454585.4
1400711.9
1346838.2
1728707.2
1674685.2
1620663.0
1566641.0
1512618.8
1458596.6
1404574.5
1350552.4
1733468.1
1679297.0
1625126.4
1570955.4
1516784.5
1462613.6
1408442.6
1354271.8
1738235.4
1683915.5
1629595.5
1575275.8
1520955.8
1466636.0
1412316.1
1357996.2
1743009.4
1688540.2
1634071.2
1579602.1
1525133.1
1470664.1
1416194.8
1361725.9
1747789.6
1693171.2
1638552.8
1583934.4
1529315.8
1474697.4
1420079.0
1365460.5
1752576.5
1697808.6
1643040.5
1588272.4
1533504.4
1478736.4
1423968.5
1369200.2
1757370.2
1702452.2
1647534.5
1592616.5
1537698.8
1482781.0
1427863.1
1372945.2
1762169.9
1707102.2
1652034.4
1596966.6
1541898.5
1486830.9
1431763.0
1376695.2
1766976.8
1711758.6
1656540.6
1601322.6
1546104.5
1490886.5
1435668.4
1380450.4
1771789.8
1716421.2
1661052.9
1605684.4
1550316.0
1494947.5
1439579.1
1384210.6
1776609.5
1721090.4
1665571.5
1610052.2
1554533.2
1499014.1
1443495.1
1387976.0
1781435.8
1725765.8
1670095.9
1614425.9
1558756.1
1503086.2
1447416.4
1391746.5
1786268.4
1730447.5
1674626.5
1618805.8
1562984.9
1507163.9
1451343.0
1395522.1
1791107.6
1735135.6
1679163.5
1623191.4
1567219.2
1511247.1
1455275.0
1399302.8
1795953.8
1739830.0
1683706.5
1627582.9
1571459.5
1515335.8
1459212.2
1403088.6
1800806.1
1744531.0
1688255.9
1631980.5
1575705.4
1519430.1
1463154.9
1406879.6
1805664.6
1749237.5
1692810.5
1636383.5
1579956.5
1523529.4
1467102.4
1410675.4
1810530.5
1753951.4
1697372.2
1640793.1
1584214.0
1527634.9
1471055.9
1414476.8
1815402.4
1758671.0
1701939.8
1645208.5
1588477.0
1531745.8
1475014.5
1418283.0
1820281.1
1763397.2
1706513.4
1649629.6
1592745.8
1535862.0
1478978.1
1422094.5
1825166.2
1768129.8
1711093.2
1654056.8
1597020.5
1539983.9
1482947.5
1425911.0
1830057.9
1772868.5
1715679.5
1658489.9
1601300.8
1544111.2
1486921.9
1429732.5
1834956.0
1777613.8
1720271.1
1662929.0
1605586.4
1548244.2
1490901.6
1433559.4
1839860.9
1782365.2
1724869.6
1667374.0
1609878.2
1552382.5
1494886.9
1437391.2
1844772.1
1787123.1
1729473.9
1671824.8
1614175.6
1556526.4
1498877.4
1441228.2
1849690.1
1791887.2
1734084.4
1676281.6
1618478.8
1560676.0
1502873.0
1445070.4
1854614.5
1796658.0
1738701.1
1680744.5
1622787.6
1564831.0
1506874.2
1448917.5
1859545.4
1801434.6
1743323.8
1685213.0
1627102.1
1568991.5
1510880.5
1452769.8
1864483.0
1806217.9
1747952.8
1689687.8
1631422.5
1573157.5
1514892.2
1456627.0
1869427.1
1811007.6
1752587.9
1694168.2
1635748.6
1577329.0
1518909.4
1460489.9
1874377.6
1815803.2
1757229.1
1698654.6
1640080.4
1581506.1
1522931.8
1464357.4
1879334.8
1820605.6
1761876.5
1703147.0
1644418.0
1585688.6
1526959.5
1468230.1
1884298.5
1825414.2
1766529.8
1707645.4
1648761.1
1589876.8
1530992.4
1472108.0
1889268.8
1830229.1
1771189.5
1712149.6
1653110.1
1594070.2
1535030.8
1475991.0
1894245.6
1835050.4
1775855.1
1716659.9
1657464.6
1598269.5
1539074.4
1479879.1
1899228.5
1839878.1
1780526.6
1721176.2
1661824.8
1602474.4
1543122.9
1483772.5
1904218.1
1844712.1
1785204.5
1725698.4
1666190.9
1606684.6
1547177.2
1487670.9
1909215.0
1849552.1
1789889.1
1730226.0
1670563.1
1610900.0
1551237.2
1491574.0
1914218.0
1854398.8
1794579.4
1734760.0
1674940.6
1615121.2
1555302.0
1495482.9
1919227.6
1859251.8
1799275.9
1739300.0
1679324.0
1619348.4
1559372.2
1499396.5
1924243.6
1864111.0
1803978.4
1743845.9
1683713.1
1623580.6
1563447.9
1503315.2
1929266.2
1868976.6
1808687.0
1748397.4
1688107.9
1627818.4
1567528.6
1507239.2
1934295.4
1873848.6
1813401.9
1752955.1
1692508.4
1632061.6
1571614.9
1511168.2
1939331.2
1878727.0
1818122.9
1757518.8
1696914.6
1636310.5
1575706.5
1515102.2
1944373.4
1883611.8
1822850.1
1762088.2
1701326.8
1640564.9
1579803.4
1519041.6
1949422.1
1888502.6
1827583.2
1766663.6
1705744.2
1644824.9
1583905.5
1522986.0
1954477.5
1893400.1
1832322.6
1771245.4
1710167.6
1649090.6
1588012.8
1526935.5
1959539.4
1898303.8
1837068.1
1775832.6
1714596.9
1653361.4
1592125.6
1530890.1
1964607.8
1903213.8
1841819.8
1780425.8
1719031.8
1657637.8
1596243.8
1534849.8
1969683.0
1908130.1
1846577.8
1785025.0
1723472.5
1661919.9
1600367.4
1538814.6
1974764.4
1913052.9
1851341.5
1789630.1
1727918.8
1666207.5
1604496.0
1542784.5
1979852.4
1917982.0
1856111.6
1794241.2
1732370.8
1670500.2
1608630.0
1546759.5
1984947.0
1922917.4
1860887.8
1798858.2
1736828.8
1674799.1
1612769.5
1550739.9
1990048.2
1927859.1
1865670.2
1803481.1
1741292.2
1679103.1
1616914.1
1554725.0
1995156.0
1932807.2
1870458.5
1808109.9
1745761.2
1683412.5
1621063.9
1558715.2
2000269.4
1937761.0
1875252.6
1812744.2
1750235.8
1687727.4
1625219.0
1562710.6
2005390.9
1942722.4
1880053.9
1817385.4
1754716.9
1692048.5
1629380.0
1566711.6
2010518.4
1947689.8
1884861.0
1822032.2
1759203.4
1696374.8
1633545.9
1570717.2
2015652.1
1952663.1
1889674.0
1826684.9
1763695.6
1700706.5
1637717.4
1574728.2
2020792.9
1957642.8
1894493.2
1831343.2
1768193.8
1705043.8
1641894.0
1578744.0
2025939.6
1962629.1
1899318.2
1836007.9
1772697.1
1709386.6
1646075.8
1582765.4
2031093.2
1967621.6
1904149.9
1840678.1
1777206.4
1713734.8
1650263.1
1586791.6
2036253.2
1972620.5
1908987.4
1845354.4
1781721.6
1718088.8
1654455.6
1590822.8
2041419.8
1977625.5
1913831.1
1850036.9
1786242.2
1722447.9
1658653.5
1594859.1
2046593.0
1982637.1
1918680.9
1854725.1
1790768.9
1726812.9
1662856.9
1598900.8
2051772.6
1987655.0
1923536.8
1859419.1
1795301.1
1731183.2
1667065.2
1602947.5
2056959.2
1992679.0
1928399.2
1864119.0
1799839.2
1735559.1
1671279.4
1606999.1
2062151.9
1997709.6
1933267.4
1868825.2
1804382.8
1739940.5
1675498.4
1611056.0
2067351.4
2002746.6
1938141.8
1873537.1
1808932.4
1744327.6
1679722.9
1615118.1
2072557.2
2007789.8
1943022.5
1878254.9
1813487.5
1748720.0
1683952.6
1619185.2
2077769.5
2012839.4
1947908.9
1882978.8
1818048.4
1753118.1
1688187.6
1623257.4
2082988.8
2017895.4
1952801.8
1887708.5
1822615.1
1757521.6
1692428.1
1627334.8
2088214.1
2022957.5
1957700.8
1892444.2
1827187.2
1761930.8
1696673.9
1631417.2
2093446.4
2028026.0
1962605.9
1897185.6
1831765.4
1766345.4
1700925.0
1635505.0
2098686.8
2033103.4
1967518.9
1901935.2
1836350.8
1770767.2
1705182.8
1639599.2
2103940.2
2038192.0
1972444.0
1906695.9
1840947.6
1775199.6
1709451.2
1643703.2
2109199.8
2043287.5
1977375.1
1911462.5
1845550.1
1779637.4
1713725.0
1647812.4
2114466.2
2048389.2
1982312.2
1916235.0
1850157.8
1784080.9
1718003.8
1651926.6
2119739.2
2053497.5
1987255.6
1921013.6
1854771.8
1788529.9
1722288.1
1656046.2
2125018.8
2058612.0
1992205.0
1925798.1
1859391.4
1792984.5
1726577.6
1660170.9
2130304.5
2063732.5
1997160.5
1930588.5
1864016.5
1797444.4
1730872.4
1664300.4
2135597.5
2068860.0
2002122.4
1935385.2
1868647.8
1801910.1
1735172.8
1668435.5
2140896.5
2073993.4
2007090.5
1940187.4
1873284.4
1806381.4
1739478.2
1672575.2
2146202.5
2079133.1
2012064.9
1944995.4
1877927.2
1810857.9
1743789.5
1676720.2
2151514.5
2084280.0
2017044.9
1949810.2
1882575.2
1815340.5
1748105.6
1680870.6
2156833.2
2089432.4
2022031.4
1954630.2
1887229.2
1819828.1
1752427.1
1685026.0
2162158.8
2094591.2
2027023.9
1959456.4
1891889.0
1824321.4
1756754.0
1689186.4
2167490.8
2099756.8
2032022.6
1964288.5
1896554.5
1828820.4
1761086.2
1693352.1
2172829.5
2104928.5
2037027.6
1969126.8
1901225.8
1833324.8
1765423.9
1697522.8
2178174.8
2110106.5
2042038.6
1973970.8
1905902.8
1837834.9
1769766.8
1701698.8
2183526.2
2115291.0
2047055.8
1978820.6
1910585.5
1842350.2
1774115.1
1705879.9
2188884.5
2120482.0
2052079.4
1983676.8
1915273.9
1846871.2
1778468.6
1710066.0
2194249.5
2125679.2
2057109.0
1988538.6
1919968.4
1851398.0
1782827.8
1714257.4
2199620.5
2130882.2
2062144.1
1993406.0
1924667.9
1855929.6
1787191.5
1718453.4
2204999.0
2136092.5
2067186.2
1998280.0
1929373.9
1860467.6
1791561.4
1722655.1
2210383.2
2141308.8
2072234.2
2003159.8
1934085.2
1865010.8
1795936.5
1726861.8
2215774.2
2146531.5
2077288.5
2008045.5
1938802.4
1869559.5
1800316.5
1731073.5
2221172.0
2151760.5
2082348.8
2012937.1
1943525.4
1874113.9
1804702.0
1735290.6
2226576.0
2156995.8
2087415.1
2017834.5
1948254.1
1878673.5
1809093.1
1739512.5
2231987.2
2162237.5
2092487.9
2022738.1
1952988.8
1883239.0
1813489.5
1743739.6
2237404.5
2167485.5
2097566.8
2027647.6
1957728.9
1887809.9
1817891.0
1747972.1
2242828.2
2172740.0
2102651.5
2032563.1
1962474.8
1892386.2
1822298.0
1752209.5
2248258.8
2178001.0
2107742.5
2037484.6
1967226.4
1896968.4
1826710.2
1756452.0
2253695.8
2183268.0
2112839.8
2042411.9
1971983.9
1901555.9
1831127.8
1760699.8
2259139.5
2188541.2
2117943.5
2047345.1
1976747.1
1906148.8
1835550.8
1764952.8
2264589.8
2193821.2
2123053.0
2052284.2
1981515.9
1910747.5
1839979.0
1769210.6
2270046.5
2199107.8
2128168.5
2057229.5
1986290.8
1915351.6
1844412.6
1773473.6
2275509.8
2204400.0
2133290.5
2062180.8
1991071.0
1919961.4
1848851.6
1777742.0
2280980.0
2209699.0
2138418.8
2067137.8
1995857.2
1924576.5
1853296.0
1782015.1
2286456.2
2215004.2
2143552.5
2072100.8
2000649.1
1929197.4
1857745.5
1786293.8
2291939.2
2220316.0
2148693.0
2077069.8
2005447.0
1933823.6
1862200.8
1790577.4
2297429.0
2225634.5
2153839.8
2082044.9
2010250.0
1938455.6
1866660.6
1794866.2
2302925.0
2230958.5
2158992.0
2087025.8
2015059.2
1943092.9
1871126.4
1799160.0
2308427.5
2236289.5
2164151.0
2092012.6
2019874.4
1947735.9
1875597.6
1803459.1
2313937.0
2241626.5
2169316.0
2097005.4
2024694.9
1952384.2
1880073.6
1807763.0
2319453.0
2246969.8
2174487.0
2102004.0
2029521.1
1957038.2
1884555.2
1812072.4
2324975.2
2252319.8
2179664.2
2107008.8
2034353.4
1961697.8
1889042.5
1816386.9
2330504.2
2257676.2
2184847.5
2112019.2
2039191.2
1966362.9
1893534.5
1820706.4
2336039.8
2263038.8
2190037.2
2117036.0
2044034.8
1971033.6
1898032.1
1825031.0
2341582.0
2268407.2
2195233.0
2122058.5
2048884.0
1975709.5
1902535.1
1829360.6
2347130.8
2273783.0
2200435.0
2127087.0
2053739.4
1980391.5
1907043.6
1833695.6
2352686.0
2279164.5
2205643.0
2132121.5
2058600.1
1985078.6
1911557.1
1838035.9
2358247.5
2284552.5
2210857.0
2137162.0
2063466.6
1989771.5
1916076.2
1842381.0
2363816.0
2289947.2
2216077.5
2142208.5
2068338.9
1994469.9
1920600.4
1846731.4
2369391.2
2295347.8
2221304.0
2147260.5
2073217.1
1999173.6
1925130.2
1851086.8
2374972.5
2300754.8
2226536.8
2152319.0
2078100.8
2003883.0
1929665.0
1855447.1
2380560.8
2306168.2
2231775.5
2157383.0
2082990.5
2008597.9
1934205.4
1859812.9
2386155.5
2311588.0
2237020.8
2162453.0
2087885.9
2013318.4
1938751.1
1864183.8
2391756.5
2317014.2
2242271.8
2167529.2
2092787.0
2018044.5
1943302.2
1868559.8
2397364.2
2322446.5
2247528.8
2172611.2
2097693.8
2022776.0
1947858.4
1872940.6
2402979.2
2327886.2
2252792.8
2177699.5
2102606.5
2027513.1
1952420.0
1877327.0
2408600.2
2333331.2
2258062.2
2182793.5
2107524.8
2032255.9
1956986.9
1881718.2
2414227.5
2338783.0
2263338.5
2187894.0
2112449.5
2037004.6
1961560.0
1886115.4
2419861.2
2344240.5
2268620.0
2192999.2
2117378.5
2041757.8
1966137.2
1890516.5
2425501.5
2349704.2
2273907.8
2198110.8
2122313.8
2046517.0
1970720.2
1894923.4
2431149.2
2355175.8
2279202.2
2203228.8
2127255.2
2051281.9
1975308.5
1899334.9
2436803.0
2360652.8
2284502.8
2208352.5
2132202.5
2056052.1
1979902.2
1903752.0
2442463.2
2366136.0
2289809.2
2213482.0
2137155.2
2060828.0
1984501.2
1908174.1
2448129.8
2371625.8
2295121.8
2218617.8
2142113.8
2065609.5
1989105.5
1912601.5
2453803.5
2377122.2
2300440.8
2223759.2
2147077.8
2070396.5
1993715.0
1917033.9
2459483.5
2382624.5
2305765.5
2228906.8
2152047.8
2075189.0
1998330.2
1921471.2
2465170.0
2388133.2
2311097.0
2234060.0
2157023.8
2079987.0
2002950.5
1925914.0
2470863.0
2393648.2
2316434.2
2239219.5
2162005.2
2084790.5
2007576.1
1930361.5
2476562.8
2399170.5
2321777.5
2244385.0
2166992.5
2089599.9
2012207.2
1934814.6
2482269.0
2404698.2
2327127.2
2249556.2
2171985.5
2094414.5
2016843.5
1939272.6
2487982.0
2410232.5
2332483.0
2254733.5
2176984.0
2099234.5
2021485.1
1943735.8
2493701.5
2415773.2
2337845.2
2259916.8
2181989.0
2104060.5
2026132.2
1948204.1
2499427.2
2421320.2
2343213.2
2265106.0
2186999.0
2108891.8
2030784.8
1952677.6
2505160.0
2426873.5
2348587.5
2270301.2
2192015.0
2113728.5
2035442.1
1957156.1
2510898.8
2432433.5
2353967.8
2275502.0
2197036.5
2118571.0
2040105.5
1961639.8
2516644.8
2437999.5
2359354.2
2280709.5
2202064.2
2123419.0
2044773.8
1966128.8
2522397.2
2443571.8
2364747.5
2285922.0
2207097.5
2128272.5
2049447.4
1970622.6
2528155.5
2449151.2
2370146.0
2291141.2
2212136.2
2133131.5
2054126.6
1975121.6
2533921.0
2454736.2
2375551.0
2296366.0
2217180.8
2137996.0
2058810.9
1979625.8
2539693.2
2460327.8
2380962.5
2301596.8
2222231.5
2142866.0
2063500.4
1984135.1
2545471.5
2465925.8
2386379.5
2306833.8
2227287.8
2147741.8
2068195.8
1988649.6
2551256.8
2471529.8
2391803.2
2312076.2
2232349.5
2152623.0
2072896.0
1993169.2
2557048.2
2477140.8
2397232.8
2317325.0
2237417.5
2157509.5
2077601.9
1997693.9
2562846.5
2482757.8
2402668.8
2322579.8
2242490.8
2162402.0
2082312.9
2002223.9
2568651.2
2488381.2
2408110.5
2327840.2
2247570.0
2167299.5
2087029.2
2006758.9
2574462.8
2494011.0
2413558.8
2333106.8
2252654.5
2172203.0
2091750.9
2011299.0
2580280.8
2499647.0
2419013.0
2338379.2
2257745.5
2177111.8
2096478.0
2015844.0
2586105.2
2505289.5
2424473.8
2343657.8
2262842.0
2182026.0
2101210.5
2020394.5
2591936.5
2510938.2
2429940.5
2348942.2
2267944.2
2186946.0
2105948.0
2024950.0
2597773.5
2516593.5
2435413.0
2354232.5
2273052.0
2191871.5
2110691.0
2029510.5
2603618.0
2522254.8
2440892.0
2359528.8
2278165.8
2196802.5
2115439.5
2034076.5
2609468.5
2527923.0
2446376.8
2364831.2
2283284.8
2201739.2
2120193.2
2038647.5
2615326.2
2533597.0
2451868.2
2370139.2
2288410.2
2206681.2
2124952.2
2043223.4
2621189.5
2539278.0
2457365.2
2375453.5
2293541.0
2211629.0
2129716.8
2047804.6
2627059.8
2544964.8
2462868.8
2380773.5
2298677.5
2216582.2
2134486.5
2052390.8
2632936.8
2550658.2
2468378.2
2386099.5
2303820.0
2221540.8
2139261.5
2056982.4
2638820.8
2556358.0
2473894.2
2391431.5
2308967.8
2226504.8
2144041.5
2061578.4
2644711.8
2562063.8
2479417.2
2396769.5
2314122.5
2231475.0
2148827.8
2066180.4
2650607.8
2567776.5
2484944.8
2402113.5
2319281.8
2236450.5
2153618.8
2070787.2
2656511.0
2573495.2
2490479.0
2407463.2
2324447.0
2241431.0
2158415.0
2075399.1
2662420.8
2579220.5
2496019.5
2412819.0
2329617.8
2246417.5
2163216.8
2080016.2
2668337.2
2584952.0
2501566.0
2418181.0
2334794.8
2251409.5
2168024.0
2084638.2
2674260.2
2590690.0
2507119.0
2423548.2
2339977.8
2256407.0
2172836.2
2089265.8
2680189.8
2596433.8
2512678.0
2428922.0
2345166.0
2261410.0
2177654.0
2093898.1
2686125.8
2602184.5
2518243.0
2434301.5
2350360.2
2266418.5
2182477.2
2098535.8
2692068.5
2607941.8
2523814.2
2439687.2
2355559.8
2271433.0
2187305.5
2103178.5
2698017.8
2613705.0
2529391.8
2445078.5
2360765.5
2276452.5
2192139.5
2107826.2
2703973.8
2619474.8
2534975.2
2450476.0
2365977.0
2281477.5
2196978.8
2112479.2
2709936.0
2625250.5
2540565.0
2455879.5
2371194.2
2286508.5
2201822.8
2117137.5
2715904.8
2631032.8
2546160.5
2461288.5
2376416.5
2291544.5
2206672.2
2121800.5
2721880.5
2636821.8
2551762.8
2466704.2
2381645.5
2296586.5
2211528.0
2126469.0
2727862.8
2642617.0
2557371.0
2472125.5
2386880.0
2301634.0
2216388.5
2131142.5
2733851.2
2648418.5
2562985.5
2477552.5
2392119.8
2306686.8
2221254.2
2135821.2
2739846.2
2654226.2
2568606.0
2482986.0
2397365.5
2311745.2
2226125.2
2140504.8
2745848.0
2660040.8
2574232.5
2488424.8
2402617.2
2316809.5
2231001.5
2145194.0
2751857.0
2665860.8
2579865.8
2493869.8
2407874.2
2321878.8
2235883.2
2149887.8
2757870.8
2671688.5
2585504.0
2499321.5
2413136.8
2326954.2
2240770.0
2154587.2
2763892.8
2677521.5
2591149.8
2504778.0
2418406.2
2332034.5
2245663.0
2159291.2
2769920.8
2683361.0
2596801.0
2510240.8
2423681.0
2337120.5
2250561.0
2164000.5
2775955.5
2689207.0
2602458.5
2515710.0
2428961.2
2342212.2
2255463.8
2168715.0
2781996.8
2695059.5
2608122.0
2521184.5
2434247.0
2347309.8
2260372.2
2173434.8
2788044.5
2700918.2
2613791.5
2526665.5
2439539.0
2352412.5
2265286.0
2178159.5
2794098.8
2706783.2
2619468.0
2532152.0
2444836.5
2357520.8
2270205.2
2182889.5
2800159.8
2712654.8
2625149.5
2537645.0
2450139.8
2362634.5
2275129.5
2187624.5
2806227.2
2718532.5
2630837.8
2543143.2
2455448.8
2367754.2
2280059.2
2192364.8
2812301.0
2724417.0
2636532.0
2548648.0
2460763.0
2372879.2
2284994.2
2197110.5
2818381.8
2730307.0
2642232.8
2554158.2
2466084.0
2378009.5
2289935.2
2201860.5
2824468.8
2736204.5
2647939.5
2559675.0
2471410.2
2383145.5
2294880.8
2206616.0
2830562.8
2742107.5
2653652.2
2565197.0
2476742.0
2388286.8
2299832.0
2211376.8
2836663.0
2748017.0
2659371.5
2570725.5
2482079.8
2393434.2
2304788.5
2216142.8
2842769.5
2753933.2
2665096.5
2576260.0
2487423.2
2398587.0
2309750.2
2220913.8
2848882.8
2759855.2
2670827.5
2581800.0
2492772.5
2403744.8
2314717.5
2225689.8
2855003.0
2765784.0
2676565.2
2587346.0
2498127.2
2408908.5
2319689.8
2230470.8
2861129.8
2771719.5
2682309.2
2592899.0
2503488.5
2414078.0
2324668.0
2235257.5
2867262.8
2777660.8
2688059.0
2598457.0
2508854.5
2419252.8
2329650.8
2240048.5
2873401.2
2783607.5
2693813.5
2604019.8
2514226.0
2424432.2
2334638.5
2244844.5
2879548.8
2789562.8
2699576.8
2609590.8
2519605.0
2429619.0
2339633.0
2249647.0
2885700.8
2795522.8
2705344.5
2615166.5
2524988.2
2434810.2
2344632.0
2254454.0
2891860.8
2801490.0
2711119.5
2620748.5
2530378.0
2440007.0
2349636.8
2259266.0
2898026.8
2807463.5
2716900.0
2626336.8
2535773.2
2445210.0
2354646.5
2264083.2
2904199.0
2813442.8
2722686.5
2631930.2
2541174.2
2450417.8
2359661.5
2268905.2
2910378.5
2819429.0
2728479.5
2637530.0
2546580.8
2455631.5
2364682.0
2273733.0
2916564.0
2825421.2
2734278.8
2643136.0
2551993.5
2460850.8
2369708.2
2278565.5
2922756.0
2831420.0
2740083.8
2648747.8
2557411.5
2466075.5
2374739.2
2283403.2
2928954.5
2837425.0
2745894.8
2654365.2
2562835.0
2471305.5
2379775.5
2288246.0
2935160.0
2843436.2
2751712.2
2659989.0
2568264.8
2476541.2
2384817.5
2293093.8
2941372.0
2849454.0
2757536.5
2665618.2
2573700.5
2481782.5
2389864.8
2297946.8
2947590.5
2855478.0
2763366.0
2671254.0
2579141.8
2487029.5
2394917.0
2302804.8
2953815.0
2861509.0
2769201.8
2676895.5
2584588.2
2492281.5
2399974.8
2307668.2
2960047.2
2867545.8
2775044.2
2682542.8
2590041.2
2497539.8
2405038.2
2312536.8
2966285.5
2873588.8
2780892.2
2688196.0
2595499.5
2502803.2
2410106.8
2317410.2
2972530.2
2879638.5
2786747.0
2693855.2
2600963.8
2508072.2
2415180.5
2322289.0
2978781.2
2885694.5
2792607.5
2699520.8
2606433.8
2513346.5
2420259.8
2327172.8
2985039.2
2891756.5
2798474.2
2705191.5
2611909.2
2518626.5
2425344.5
2332061.8
2991303.5
2897825.5
2804347.0
2710869.0
2617390.5
2523912.5
2430434.0
2336956.2
2997574.8
2903900.5
2810226.0
2716552.0
2622877.8
2529203.8
2435529.0
2341855.2
3003852.2
2909981.8
2816111.5
2722240.8
2628370.8
2534500.0
2440630.0
2346759.2
3010136.5
2916069.5
2822002.5
2727936.0
2633869.2
2539802.5
2445735.5
2351669.0
3016427.2
2922163.5
2827900.2
2733637.0
2639373.5
2545110.0
2450846.8
2356583.5
3022724.0
2928263.8
2833804.0
2739343.8
2644883.8
2550423.5
2455963.2
2361503.2
3029028.2
2934370.8
2839713.8
2745056.8
2650399.8
2555742.5
2461085.0
2366428.2
3035338.8
2940484.2
2845630.0
2750775.8
2655921.2
2561066.8
2466212.8
2371358.2
3041655.5
2946603.8
2851552.0
2756500.2
2661448.5
2566396.8
2471345.0
2376293.2
3047979.0
2952729.5
2857480.2
2762231.0
2666981.5
2571732.0
2476483.0
2381233.5
3054308.8
2958862.2
2863414.2
2767967.8
2672520.2
2577073.5
2481625.8
2386179.2
3060646.0
2965000.2
2869355.5
2773710.0
2678065.0
2582419.8
2486774.8
2391129.2
3066989.0
2971145.8
2875302.2
2779458.8
2683615.5
2587772.0
2491928.8
2396085.2
3073338.5
2977297.0
2881255.0
2785213.0
2689171.2
2593129.2
2497087.8
2401045.8
3079695.2
2983454.5
2887214.2
2790973.5
2694733.2
2598492.5
2502252.5
2406011.5
3086058.2
2989618.5
2893179.5
2796740.0
2700300.5
2603861.8
2507422.2
2410983.0
3092427.8
2995789.0
2899151.0
2802512.2
2705874.2
2609235.2
2512597.5
2415958.8
3098803.2
3001966.2
2905128.2
2808290.8
2711453.0
2614615.5
2517777.8
2420940.5
3105185.8
3008150.0
2911111.8
2814075.5
2717037.8
2620001.2
2522963.5
2425927.0
3111575.2
3014339.8
2917101.8
2819866.0
2722628.2
2625392.2
2528154.8
2430918.5
3117972.0
3020534.2
2923098.8
2825661.2
2728225.2
2630788.0
2533352.0
2435915.0
3124373.0
3026736.8
2929099.8
2831463.5
2733826.2
2636190.0
2538552.8
2440916.8
3130782.8
3032945.0
2935109.0
2837271.0
2739434.8
2641597.0
2543760.8
2445923.2
3137197.8
3039160.5
2941122.8
2843085.5
2745047.8
2647010.5
2548973.0
2450935.8
3143620.0
3045381.8
2947143.5
2848905.5
2750667.2
2652429.2
2554190.8
2455952.8
3150048.2
3051609.5
2953170.0
2854731.5
2756292.2
2657853.5
2559414.2
2460975.2
3156483.8
3057843.5
2959203.5
2860563.0
2761923.0
2663282.8
2564643.0
2466002.8
3162925.2
3064083.8
2965242.2
2866401.0
2767559.8
2668718.2
2569876.8
2471035.2
3169373.5
3070330.8
2971288.0
2872244.8
2773202.0
2674159.0
2575116.0
2476073.2
3175828.5
3076584.0
2977339.0
2878094.8
2778849.8
2679605.2
2580360.5
2481115.8
3182290.0
3082843.0
2983396.8
2883950.2
2784503.8
2685056.8
2585610.5
2486163.5
3188757.8
3089109.2
2989460.2
2889812.0
2790163.0
2690514.2
2590865.8
2491217.0
3195232.2
3095381.0
2995530.2
2895679.2
2795828.0
2695977.2
2596126.2
2496275.2
3201713.5
3101659.8
3001606.2
2901552.8
2801499.2
2701445.5
2601392.2
2501338.8
3208201.2
3107945.0
3007688.8
2907432.2
2807176.0
2706919.8
2606663.2
2506406.8
3214695.2
3114236.5
3013776.8
2913318.0
2812858.2
2712399.5
2611940.0
2511480.8
3221196.5
3120533.8
3019871.8
2919208.8
2818546.8
2717884.2
2617222.0
2516559.5
3227703.5
3126838.0
3025972.2
2925106.2
2824240.8
2723374.8
2622509.2
2521643.2
3234217.8
3133148.2
3032079.2
2931009.5
2829940.8
2728870.8
2627802.0
2526732.2
3240737.8
3139465.5
3038191.8
2936919.2
2835645.5
2734372.5
2633099.8
2531826.2
3247265.5
3145787.8
3044311.5
2942833.8
2841357.0
2739879.5
2638403.2
2536925.5
3253798.8
3152117.8
3050436.2
2948755.2
2847073.8
2745393.0
2643711.5
2542030.5
3260339.5
3158453.8
3056567.8
2954682.2
2852796.5
2750911.0
2649025.5
2547139.8
3266885.8
3164795.8
3062705.5
2960615.2
2858525.2
2756434.8
2654344.8
2552254.5
3273439.2
3171144.2
3068849.2
2966554.2
2864259.2
2761964.2
2659669.2
2557374.2
